CRITICAL - 2021-04-05 09:19:50 --> Trying to access array offset on value of type null
#0 C:\wamp64\www\mep\admin\app\Views\usuario\index.php(55): CodeIgniter\Debug\Exceptions->errorHandler(8, 'Trying to acces...', 'C:\\wamp64\\www\\m...', 55, Array)
#1 C:\wamp64\www\mep\admin\system\View\View.php(220): include('C:\\wamp64\\www\\m...')
#2 C:\wamp64\www\mep\admin\system\View\View.php(222): CodeIgniter\View\View->CodeIgniter\View\{closure}()
#3 C:\wamp64\www\mep\admin\system\Common.php(1217): CodeIgniter\View\View->render('usuario/index', Array, true)
#4 C:\wamp64\www\mep\admin\app\Controllers\Usuario.php(41): view('usuario/index', Array)
#5 C:\wamp64\www\mep\admin\system\CodeIgniter.php(936): App\Controllers\Usuario->index()
#6 C:\wamp64\www\mep\admin\system\CodeIgniter.php(432): CodeIgniter\CodeIgniter->runController(Object(App\Controllers\Usuario))
#7 C:\wamp64\www\mep\admin\system\CodeIgniter.php(333): CodeIgniter\CodeIgniter->handleRequest(NULL, Object(Config\Cache), false)
#8 C:\wamp64\www\mep\admin\public\index.php(44): CodeIgniter\CodeIgniter->run()
#9 {main}
CRITICAL - 2021-04-05 09:20:12 --> Undefined property: App\Controllers\Usuario::$data
#0 C:\wamp64\www\mep\admin\app\Controllers\Usuario.php(24): CodeIgniter\Debug\Exceptions->errorHandler(8, 'Undefined prope...', 'C:\\wamp64\\www\\m...', 24, Array)
#1 C:\wamp64\www\mep\admin\system\CodeIgniter.php(936): App\Controllers\Usuario->index()
#2 C:\wamp64\www\mep\admin\system\CodeIgniter.php(432): CodeIgniter\CodeIgniter->runController(Object(App\Controllers\Usuario))
#3 C:\wamp64\www\mep\admin\system\CodeIgniter.php(333): CodeIgniter\CodeIgniter->handleRequest(NULL, Object(Config\Cache), false)
#4 C:\wamp64\www\mep\admin\public\index.php(44): CodeIgniter\CodeIgniter->run()
#5 {main}
CRITICAL - 2021-04-05 09:20:37 --> Array to string conversion
#0 C:\wamp64\www\mep\admin\app\Controllers\Usuario.php(24): CodeIgniter\Debug\Exceptions->errorHandler(8, 'Array to string...', 'C:\\wamp64\\www\\m...', 24, Array)
#1 C:\wamp64\www\mep\admin\system\CodeIgniter.php(936): App\Controllers\Usuario->index()
#2 C:\wamp64\www\mep\admin\system\CodeIgniter.php(432): CodeIgniter\CodeIgniter->runController(Object(App\Controllers\Usuario))
#3 C:\wamp64\www\mep\admin\system\CodeIgniter.php(333): CodeIgniter\CodeIgniter->handleRequest(NULL, Object(Config\Cache), false)
#4 C:\wamp64\www\mep\admin\public\index.php(44): CodeIgniter\CodeIgniter->run()
#5 {main}
CRITICAL - 2021-04-05 09:20:49 --> Array to string conversion
#0 C:\wamp64\www\mep\admin\app\Controllers\Usuario.php(24): CodeIgniter\Debug\Exceptions->errorHandler(8, 'Array to string...', 'C:\\wamp64\\www\\m...', 24, Array)
#1 C:\wamp64\www\mep\admin\system\CodeIgniter.php(936): App\Controllers\Usuario->index()
#2 C:\wamp64\www\mep\admin\system\CodeIgniter.php(432): CodeIgniter\CodeIgniter->runController(Object(App\Controllers\Usuario))
#3 C:\wamp64\www\mep\admin\system\CodeIgniter.php(333): CodeIgniter\CodeIgniter->handleRequest(NULL, Object(Config\Cache), false)
#4 C:\wamp64\www\mep\admin\public\index.php(44): CodeIgniter\CodeIgniter->run()
#5 {main}
CRITICAL - 2021-04-05 09:20:49 --> Array to string conversion
#0 C:\wamp64\www\mep\admin\app\Controllers\Usuario.php(24): CodeIgniter\Debug\Exceptions->errorHandler(8, 'Array to string...', 'C:\\wamp64\\www\\m...', 24, Array)
#1 C:\wamp64\www\mep\admin\system\CodeIgniter.php(936): App\Controllers\Usuario->index()
#2 C:\wamp64\www\mep\admin\system\CodeIgniter.php(432): CodeIgniter\CodeIgniter->runController(Object(App\Controllers\Usuario))
#3 C:\wamp64\www\mep\admin\system\CodeIgniter.php(333): CodeIgniter\CodeIgniter->handleRequest(NULL, Object(Config\Cache), false)
#4 C:\wamp64\www\mep\admin\public\index.php(44): CodeIgniter\CodeIgniter->run()
#5 {main}
CRITICAL - 2021-04-05 09:20:50 --> Array to string conversion
#0 C:\wamp64\www\mep\admin\app\Controllers\Usuario.php(24): CodeIgniter\Debug\Exceptions->errorHandler(8, 'Array to string...', 'C:\\wamp64\\www\\m...', 24, Array)
#1 C:\wamp64\www\mep\admin\system\CodeIgniter.php(936): App\Controllers\Usuario->index()
#2 C:\wamp64\www\mep\admin\system\CodeIgniter.php(432): CodeIgniter\CodeIgniter->runController(Object(App\Controllers\Usuario))
#3 C:\wamp64\www\mep\admin\system\CodeIgniter.php(333): CodeIgniter\CodeIgniter->handleRequest(NULL, Object(Config\Cache), false)
#4 C:\wamp64\www\mep\admin\public\index.php(44): CodeIgniter\CodeIgniter->run()
#5 {main}
CRITICAL - 2021-04-05 09:20:50 --> Array to string conversion
#0 C:\wamp64\www\mep\admin\app\Controllers\Usuario.php(24): CodeIgniter\Debug\Exceptions->errorHandler(8, 'Array to string...', 'C:\\wamp64\\www\\m...', 24, Array)
#1 C:\wamp64\www\mep\admin\system\CodeIgniter.php(936): App\Controllers\Usuario->index()
#2 C:\wamp64\www\mep\admin\system\CodeIgniter.php(432): CodeIgniter\CodeIgniter->runController(Object(App\Controllers\Usuario))
#3 C:\wamp64\www\mep\admin\system\CodeIgniter.php(333): CodeIgniter\CodeIgniter->handleRequest(NULL, Object(Config\Cache), false)
#4 C:\wamp64\www\mep\admin\public\index.php(44): CodeIgniter\CodeIgniter->run()
#5 {main}
CRITICAL - 2021-04-05 09:21:10 --> Trying to access array offset on value of type null
#0 C:\wamp64\www\mep\admin\app\Views\usuario\index.php(55): CodeIgniter\Debug\Exceptions->errorHandler(8, 'Trying to acces...', 'C:\\wamp64\\www\\m...', 55, Array)
#1 C:\wamp64\www\mep\admin\system\View\View.php(220): include('C:\\wamp64\\www\\m...')
#2 C:\wamp64\www\mep\admin\system\View\View.php(222): CodeIgniter\View\View->CodeIgniter\View\{closure}()
#3 C:\wamp64\www\mep\admin\system\Common.php(1217): CodeIgniter\View\View->render('usuario/index', Array, true)
#4 C:\wamp64\www\mep\admin\app\Controllers\Usuario.php(41): view('usuario/index', Array)
#5 C:\wamp64\www\mep\admin\system\CodeIgniter.php(936): App\Controllers\Usuario->index()
#6 C:\wamp64\www\mep\admin\system\CodeIgniter.php(432): CodeIgniter\CodeIgniter->runController(Object(App\Controllers\Usuario))
#7 C:\wamp64\www\mep\admin\system\CodeIgniter.php(333): CodeIgniter\CodeIgniter->handleRequest(NULL, Object(Config\Cache), false)
#8 C:\wamp64\www\mep\admin\public\index.php(44): CodeIgniter\CodeIgniter->run()
#9 {main}
CRITICAL - 2021-04-05 09:24:01 --> Trying to access array offset on value of type null
#0 C:\wamp64\www\mep\admin\app\Views\usuario\index.php(55): CodeIgniter\Debug\Exceptions->errorHandler(8, 'Trying to acces...', 'C:\\wamp64\\www\\m...', 55, Array)
#1 C:\wamp64\www\mep\admin\system\View\View.php(220): include('C:\\wamp64\\www\\m...')
#2 C:\wamp64\www\mep\admin\system\View\View.php(222): CodeIgniter\View\View->CodeIgniter\View\{closure}()
#3 C:\wamp64\www\mep\admin\system\Common.php(1217): CodeIgniter\View\View->render('usuario/index', Array, true)
#4 C:\wamp64\www\mep\admin\app\Controllers\Usuario.php(41): view('usuario/index', Array)
#5 C:\wamp64\www\mep\admin\system\CodeIgniter.php(936): App\Controllers\Usuario->index()
#6 C:\wamp64\www\mep\admin\system\CodeIgniter.php(432): CodeIgniter\CodeIgniter->runController(Object(App\Controllers\Usuario))
#7 C:\wamp64\www\mep\admin\system\CodeIgniter.php(333): CodeIgniter\CodeIgniter->handleRequest(NULL, Object(Config\Cache), false)
#8 C:\wamp64\www\mep\admin\public\index.php(44): CodeIgniter\CodeIgniter->run()
#9 {main}
CRITICAL - 2021-04-05 09:24:25 --> Trying to access array offset on value of type null
#0 C:\wamp64\www\mep\admin\app\Views\usuario\index.php(55): CodeIgniter\Debug\Exceptions->errorHandler(8, 'Trying to acces...', 'C:\\wamp64\\www\\m...', 55, Array)
#1 C:\wamp64\www\mep\admin\system\View\View.php(220): include('C:\\wamp64\\www\\m...')
#2 C:\wamp64\www\mep\admin\system\View\View.php(222): CodeIgniter\View\View->CodeIgniter\View\{closure}()
#3 C:\wamp64\www\mep\admin\system\Common.php(1217): CodeIgniter\View\View->render('usuario/index', Array, true)
#4 C:\wamp64\www\mep\admin\app\Controllers\Usuario.php(41): view('usuario/index', Array)
#5 C:\wamp64\www\mep\admin\system\CodeIgniter.php(936): App\Controllers\Usuario->index()
#6 C:\wamp64\www\mep\admin\system\CodeIgniter.php(432): CodeIgniter\CodeIgniter->runController(Object(App\Controllers\Usuario))
#7 C:\wamp64\www\mep\admin\system\CodeIgniter.php(333): CodeIgniter\CodeIgniter->handleRequest(NULL, Object(Config\Cache), false)
#8 C:\wamp64\www\mep\admin\public\index.php(44): CodeIgniter\CodeIgniter->run()
#9 {main}
CRITICAL - 2021-04-05 09:24:26 --> Trying to access array offset on value of type null
#0 C:\wamp64\www\mep\admin\app\Views\usuario\index.php(55): CodeIgniter\Debug\Exceptions->errorHandler(8, 'Trying to acces...', 'C:\\wamp64\\www\\m...', 55, Array)
#1 C:\wamp64\www\mep\admin\system\View\View.php(220): include('C:\\wamp64\\www\\m...')
#2 C:\wamp64\www\mep\admin\system\View\View.php(222): CodeIgniter\View\View->CodeIgniter\View\{closure}()
#3 C:\wamp64\www\mep\admin\system\Common.php(1217): CodeIgniter\View\View->render('usuario/index', Array, true)
#4 C:\wamp64\www\mep\admin\app\Controllers\Usuario.php(41): view('usuario/index', Array)
#5 C:\wamp64\www\mep\admin\system\CodeIgniter.php(936): App\Controllers\Usuario->index()
#6 C:\wamp64\www\mep\admin\system\CodeIgniter.php(432): CodeIgniter\CodeIgniter->runController(Object(App\Controllers\Usuario))
#7 C:\wamp64\www\mep\admin\system\CodeIgniter.php(333): CodeIgniter\CodeIgniter->handleRequest(NULL, Object(Config\Cache), false)
#8 C:\wamp64\www\mep\admin\public\index.php(44): CodeIgniter\CodeIgniter->run()
#9 {main}
CRITICAL - 2021-04-05 09:24:29 --> Trying to access array offset on value of type null
#0 C:\wamp64\www\mep\admin\app\Views\usuario\index.php(55): CodeIgniter\Debug\Exceptions->errorHandler(8, 'Trying to acces...', 'C:\\wamp64\\www\\m...', 55, Array)
#1 C:\wamp64\www\mep\admin\system\View\View.php(220): include('C:\\wamp64\\www\\m...')
#2 C:\wamp64\www\mep\admin\system\View\View.php(222): CodeIgniter\View\View->CodeIgniter\View\{closure}()
#3 C:\wamp64\www\mep\admin\system\Common.php(1217): CodeIgniter\View\View->render('usuario/index', Array, true)
#4 C:\wamp64\www\mep\admin\app\Controllers\Usuario.php(41): view('usuario/index', Array)
#5 C:\wamp64\www\mep\admin\system\CodeIgniter.php(936): App\Controllers\Usuario->index()
#6 C:\wamp64\www\mep\admin\system\CodeIgniter.php(432): CodeIgniter\CodeIgniter->runController(Object(App\Controllers\Usuario))
#7 C:\wamp64\www\mep\admin\system\CodeIgniter.php(333): CodeIgniter\CodeIgniter->handleRequest(NULL, Object(Config\Cache), false)
#8 C:\wamp64\www\mep\admin\public\index.php(44): CodeIgniter\CodeIgniter->run()
#9 {main}
CRITICAL - 2021-04-05 09:34:17 --> Trying to access array offset on value of type null
#0 C:\wamp64\www\mep\admin\app\Views\usuario\index.php(55): CodeIgniter\Debug\Exceptions->errorHandler(8, 'Trying to acces...', 'C:\\wamp64\\www\\m...', 55, Array)
#1 C:\wamp64\www\mep\admin\system\View\View.php(220): include('C:\\wamp64\\www\\m...')
#2 C:\wamp64\www\mep\admin\system\View\View.php(222): CodeIgniter\View\View->CodeIgniter\View\{closure}()
#3 C:\wamp64\www\mep\admin\system\Common.php(1217): CodeIgniter\View\View->render('usuario/index', Array, true)
#4 C:\wamp64\www\mep\admin\app\Controllers\Usuario.php(42): view('usuario/index', Array)
#5 C:\wamp64\www\mep\admin\system\CodeIgniter.php(936): App\Controllers\Usuario->index()
#6 C:\wamp64\www\mep\admin\system\CodeIgniter.php(432): CodeIgniter\CodeIgniter->runController(Object(App\Controllers\Usuario))
#7 C:\wamp64\www\mep\admin\system\CodeIgniter.php(333): CodeIgniter\CodeIgniter->handleRequest(NULL, Object(Config\Cache), false)
#8 C:\wamp64\www\mep\admin\public\index.php(44): CodeIgniter\CodeIgniter->run()
#9 {main}
CRITICAL - 2021-04-05 09:34:27 --> Undefined variable: table
#0 C:\wamp64\www\mep\admin\app\Views\usuario\index.php(53): CodeIgniter\Debug\Exceptions->errorHandler(8, 'Undefined varia...', 'C:\\wamp64\\www\\m...', 53, Array)
#1 C:\wamp64\www\mep\admin\system\View\View.php(220): include('C:\\wamp64\\www\\m...')
#2 C:\wamp64\www\mep\admin\system\View\View.php(222): CodeIgniter\View\View->CodeIgniter\View\{closure}()
#3 C:\wamp64\www\mep\admin\system\Common.php(1217): CodeIgniter\View\View->render('usuario/index', Array, true)
#4 C:\wamp64\www\mep\admin\app\Controllers\Usuario.php(42): view('usuario/index')
#5 C:\wamp64\www\mep\admin\system\CodeIgniter.php(936): App\Controllers\Usuario->index()
#6 C:\wamp64\www\mep\admin\system\CodeIgniter.php(432): CodeIgniter\CodeIgniter->runController(Object(App\Controllers\Usuario))
#7 C:\wamp64\www\mep\admin\system\CodeIgniter.php(333): CodeIgniter\CodeIgniter->handleRequest(NULL, Object(Config\Cache), false)
#8 C:\wamp64\www\mep\admin\public\index.php(44): CodeIgniter\CodeIgniter->run()
#9 {main}
