CRITICAL - 2021-02-25 08:35:17 --> Undefined variable: busca
#0 C:\wamp64\www\mep\admin\app\Models\UsuarioModel.php(33): CodeIgniter\Debug\Exceptions->errorHandler(8, 'Undefined varia...', 'C:\\wamp64\\www\\m...', 33, Array)
#1 C:\wamp64\www\mep\admin\app\Controllers\Usuario.php(213): App\Models\UsuarioModel->search('Lucas')
#2 C:\wamp64\www\mep\admin\system\CodeIgniter.php(936): App\Controllers\Usuario->search()
#3 C:\wamp64\www\mep\admin\system\CodeIgniter.php(432): CodeIgniter\CodeIgniter->runController(Object(App\Controllers\Usuario))
#4 C:\wamp64\www\mep\admin\system\CodeIgniter.php(333): CodeIgniter\CodeIgniter->handleRequest(NULL, Object(Config\Cache), false)
#5 C:\wamp64\www\mep\admin\public\index.php(44): CodeIgniter\CodeIgniter->run()
#6 C:\wamp64\www\mep\admin\system\Commands\Server\rewrite.php(45): require_once('C:\\wamp64\\www\\m...')
#7 {main}
CRITICAL - 2021-02-25 08:35:55 --> Too few arguments to function App\Controllers\Usuario::edit(), 0 passed in C:\wamp64\www\mep\admin\system\CodeIgniter.php on line 936 and exactly 1 expected
#0 C:\wamp64\www\mep\admin\system\CodeIgniter.php(936): App\Controllers\Usuario->edit()
#1 C:\wamp64\www\mep\admin\system\CodeIgniter.php(432): CodeIgniter\CodeIgniter->runController(Object(App\Controllers\Usuario))
#2 C:\wamp64\www\mep\admin\system\CodeIgniter.php(333): CodeIgniter\CodeIgniter->handleRequest(NULL, Object(Config\Cache), false)
#3 C:\wamp64\www\mep\admin\public\index.php(44): CodeIgniter\CodeIgniter->run()
#4 C:\wamp64\www\mep\admin\system\Commands\Server\rewrite.php(45): require_once('C:\\wamp64\\www\\m...')
#5 {main}
CRITICAL - 2021-02-25 08:40:06 --> Call to undefined method CodeIgniter\HTTP\IncomingRequest::postVar()
#0 C:\wamp64\www\mep\admin\system\CodeIgniter.php(936): App\Controllers\Usuario->search()
#1 C:\wamp64\www\mep\admin\system\CodeIgniter.php(432): CodeIgniter\CodeIgniter->runController(Object(App\Controllers\Usuario))
#2 C:\wamp64\www\mep\admin\system\CodeIgniter.php(333): CodeIgniter\CodeIgniter->handleRequest(NULL, Object(Config\Cache), false)
#3 C:\wamp64\www\mep\admin\public\index.php(44): CodeIgniter\CodeIgniter->run()
#4 C:\wamp64\www\mep\admin\system\Commands\Server\rewrite.php(45): require_once('C:\\wamp64\\www\\m...')
#5 {main}
CRITICAL - 2021-02-25 08:40:20 --> Call to undefined method CodeIgniter\HTTP\IncomingRequest::postVar()
#0 C:\wamp64\www\mep\admin\system\CodeIgniter.php(936): App\Controllers\Usuario->search()
#1 C:\wamp64\www\mep\admin\system\CodeIgniter.php(432): CodeIgniter\CodeIgniter->runController(Object(App\Controllers\Usuario))
#2 C:\wamp64\www\mep\admin\system\CodeIgniter.php(333): CodeIgniter\CodeIgniter->handleRequest(NULL, Object(Config\Cache), false)
#3 C:\wamp64\www\mep\admin\public\index.php(44): CodeIgniter\CodeIgniter->run()
#4 C:\wamp64\www\mep\admin\system\Commands\Server\rewrite.php(45): require_once('C:\\wamp64\\www\\m...')
#5 {main}
CRITICAL - 2021-02-25 08:43:42 --> Call to undefined method App\Models\UsuarioModel::pesquisar
#0 C:\wamp64\www\mep\admin\app\Controllers\Usuario.php(213): CodeIgniter\Model->__call('pesquisar', Array)
#1 C:\wamp64\www\mep\admin\system\CodeIgniter.php(936): App\Controllers\Usuario->search()
#2 C:\wamp64\www\mep\admin\system\CodeIgniter.php(432): CodeIgniter\CodeIgniter->runController(Object(App\Controllers\Usuario))
#3 C:\wamp64\www\mep\admin\system\CodeIgniter.php(333): CodeIgniter\CodeIgniter->handleRequest(NULL, Object(Config\Cache), false)
#4 C:\wamp64\www\mep\admin\public\index.php(44): CodeIgniter\CodeIgniter->run()
#5 C:\wamp64\www\mep\admin\system\Commands\Server\rewrite.php(45): require_once('C:\\wamp64\\www\\m...')
#6 {main}
CRITICAL - 2021-02-25 08:45:27 --> Call to undefined method App\Models\UsuarioModel::pesquisar
#0 C:\wamp64\www\mep\admin\app\Controllers\Usuario.php(213): CodeIgniter\Model->__call('pesquisar', Array)
#1 C:\wamp64\www\mep\admin\system\CodeIgniter.php(936): App\Controllers\Usuario->search()
#2 C:\wamp64\www\mep\admin\system\CodeIgniter.php(432): CodeIgniter\CodeIgniter->runController(Object(App\Controllers\Usuario))
#3 C:\wamp64\www\mep\admin\system\CodeIgniter.php(333): CodeIgniter\CodeIgniter->handleRequest(NULL, Object(Config\Cache), false)
#4 C:\wamp64\www\mep\admin\public\index.php(44): CodeIgniter\CodeIgniter->run()
#5 C:\wamp64\www\mep\admin\system\Commands\Server\rewrite.php(45): require_once('C:\\wamp64\\www\\m...')
#6 {main}
CRITICAL - 2021-02-25 08:55:37 --> Invalid argument supplied for foreach()
#0 C:\wamp64\www\mep\admin\app\Views\usuario\index.php(53): CodeIgniter\Debug\Exceptions->errorHandler(2, 'Invalid argumen...', 'C:\\wamp64\\www\\m...', 53, Array)
#1 C:\wamp64\www\mep\admin\system\View\View.php(220): include('C:\\wamp64\\www\\m...')
#2 C:\wamp64\www\mep\admin\system\View\View.php(222): CodeIgniter\View\View->CodeIgniter\View\{closure}()
#3 C:\wamp64\www\mep\admin\system\Common.php(1217): CodeIgniter\View\View->render('usuario/index', Array, true)
#4 C:\wamp64\www\mep\admin\app\Controllers\Usuario.php(217): view('usuario/index', Array)
#5 C:\wamp64\www\mep\admin\system\CodeIgniter.php(936): App\Controllers\Usuario->search()
#6 C:\wamp64\www\mep\admin\system\CodeIgniter.php(432): CodeIgniter\CodeIgniter->runController(Object(App\Controllers\Usuario))
#7 C:\wamp64\www\mep\admin\system\CodeIgniter.php(333): CodeIgniter\CodeIgniter->handleRequest(NULL, Object(Config\Cache), false)
#8 C:\wamp64\www\mep\admin\public\index.php(44): CodeIgniter\CodeIgniter->run()
#9 C:\wamp64\www\mep\admin\system\Commands\Server\rewrite.php(45): require_once('C:\\wamp64\\www\\m...')
#10 {main}
CRITICAL - 2021-02-25 09:09:15 --> Too few arguments to function App\Controllers\Usuario::search(), 0 passed in C:\wamp64\www\mep\admin\system\CodeIgniter.php on line 936 and exactly 1 expected
#0 C:\wamp64\www\mep\admin\system\CodeIgniter.php(936): App\Controllers\Usuario->search()
#1 C:\wamp64\www\mep\admin\system\CodeIgniter.php(432): CodeIgniter\CodeIgniter->runController(Object(App\Controllers\Usuario))
#2 C:\wamp64\www\mep\admin\system\CodeIgniter.php(333): CodeIgniter\CodeIgniter->handleRequest(NULL, Object(Config\Cache), false)
#3 C:\wamp64\www\mep\admin\public\index.php(44): CodeIgniter\CodeIgniter->run()
#4 C:\wamp64\www\mep\admin\system\Commands\Server\rewrite.php(45): require_once('C:\\wamp64\\www\\m...')
#5 {main}
CRITICAL - 2021-02-25 09:09:34 --> Too few arguments to function App\Controllers\Usuario::search(), 0 passed in C:\wamp64\www\mep\admin\system\CodeIgniter.php on line 936 and exactly 1 expected
#0 C:\wamp64\www\mep\admin\system\CodeIgniter.php(936): App\Controllers\Usuario->search()
#1 C:\wamp64\www\mep\admin\system\CodeIgniter.php(432): CodeIgniter\CodeIgniter->runController(Object(App\Controllers\Usuario))
#2 C:\wamp64\www\mep\admin\system\CodeIgniter.php(333): CodeIgniter\CodeIgniter->handleRequest(NULL, Object(Config\Cache), false)
#3 C:\wamp64\www\mep\admin\public\index.php(44): CodeIgniter\CodeIgniter->run()
#4 C:\wamp64\www\mep\admin\system\Commands\Server\rewrite.php(45): require_once('C:\\wamp64\\www\\m...')
#5 {main}
CRITICAL - 2021-02-25 09:12:09 --> Too few arguments to function App\Controllers\Usuario::search(), 0 passed in C:\wamp64\www\mep\admin\system\CodeIgniter.php on line 936 and exactly 1 expected
#0 C:\wamp64\www\mep\admin\system\CodeIgniter.php(936): App\Controllers\Usuario->search()
#1 C:\wamp64\www\mep\admin\system\CodeIgniter.php(432): CodeIgniter\CodeIgniter->runController(Object(App\Controllers\Usuario))
#2 C:\wamp64\www\mep\admin\system\CodeIgniter.php(333): CodeIgniter\CodeIgniter->handleRequest(NULL, Object(Config\Cache), false)
#3 C:\wamp64\www\mep\admin\public\index.php(44): CodeIgniter\CodeIgniter->run()
#4 C:\wamp64\www\mep\admin\system\Commands\Server\rewrite.php(45): require_once('C:\\wamp64\\www\\m...')
#5 {main}
CRITICAL - 2021-02-25 09:12:20 --> Too few arguments to function App\Controllers\Usuario::search(), 0 passed in C:\wamp64\www\mep\admin\system\CodeIgniter.php on line 936 and exactly 1 expected
#0 C:\wamp64\www\mep\admin\system\CodeIgniter.php(936): App\Controllers\Usuario->search()
#1 C:\wamp64\www\mep\admin\system\CodeIgniter.php(432): CodeIgniter\CodeIgniter->runController(Object(App\Controllers\Usuario))
#2 C:\wamp64\www\mep\admin\system\CodeIgniter.php(333): CodeIgniter\CodeIgniter->handleRequest(NULL, Object(Config\Cache), false)
#3 C:\wamp64\www\mep\admin\public\index.php(44): CodeIgniter\CodeIgniter->run()
#4 C:\wamp64\www\mep\admin\system\Commands\Server\rewrite.php(45): require_once('C:\\wamp64\\www\\m...')
#5 {main}
CRITICAL - 2021-02-25 09:12:21 --> Too few arguments to function App\Controllers\Usuario::search(), 0 passed in C:\wamp64\www\mep\admin\system\CodeIgniter.php on line 936 and exactly 1 expected
#0 C:\wamp64\www\mep\admin\system\CodeIgniter.php(936): App\Controllers\Usuario->search()
#1 C:\wamp64\www\mep\admin\system\CodeIgniter.php(432): CodeIgniter\CodeIgniter->runController(Object(App\Controllers\Usuario))
#2 C:\wamp64\www\mep\admin\system\CodeIgniter.php(333): CodeIgniter\CodeIgniter->handleRequest(NULL, Object(Config\Cache), false)
#3 C:\wamp64\www\mep\admin\public\index.php(44): CodeIgniter\CodeIgniter->run()
#4 C:\wamp64\www\mep\admin\system\Commands\Server\rewrite.php(45): require_once('C:\\wamp64\\www\\m...')
#5 {main}
CRITICAL - 2021-02-25 09:13:31 --> Undefined variable: buscar
#0 C:\wamp64\www\mep\admin\app\Controllers\Usuario.php(213): CodeIgniter\Debug\Exceptions->errorHandler(8, 'Undefined varia...', 'C:\\wamp64\\www\\m...', 213, Array)
#1 C:\wamp64\www\mep\admin\system\CodeIgniter.php(936): App\Controllers\Usuario->search()
#2 C:\wamp64\www\mep\admin\system\CodeIgniter.php(432): CodeIgniter\CodeIgniter->runController(Object(App\Controllers\Usuario))
#3 C:\wamp64\www\mep\admin\system\CodeIgniter.php(333): CodeIgniter\CodeIgniter->handleRequest(NULL, Object(Config\Cache), false)
#4 C:\wamp64\www\mep\admin\public\index.php(44): CodeIgniter\CodeIgniter->run()
#5 C:\wamp64\www\mep\admin\system\Commands\Server\rewrite.php(45): require_once('C:\\wamp64\\www\\m...')
#6 {main}
CRITICAL - 2021-02-25 09:36:06 --> Illegal string offset 'id'
#0 C:\wamp64\www\mep\admin\app\Views\usuario\index.php(55): CodeIgniter\Debug\Exceptions->errorHandler(2, 'Illegal string ...', 'C:\\wamp64\\www\\m...', 55, Array)
#1 C:\wamp64\www\mep\admin\system\View\View.php(220): include('C:\\wamp64\\www\\m...')
#2 C:\wamp64\www\mep\admin\system\View\View.php(222): CodeIgniter\View\View->CodeIgniter\View\{closure}()
#3 C:\wamp64\www\mep\admin\system\Common.php(1217): CodeIgniter\View\View->render('usuario/index', Array, true)
#4 C:\wamp64\www\mep\admin\app\Controllers\Usuario.php(217): view('usuario/index', Array)
#5 C:\wamp64\www\mep\admin\system\CodeIgniter.php(936): App\Controllers\Usuario->search()
#6 C:\wamp64\www\mep\admin\system\CodeIgniter.php(432): CodeIgniter\CodeIgniter->runController(Object(App\Controllers\Usuario))
#7 C:\wamp64\www\mep\admin\system\CodeIgniter.php(333): CodeIgniter\CodeIgniter->handleRequest(NULL, Object(Config\Cache), false)
#8 C:\wamp64\www\mep\admin\public\index.php(44): CodeIgniter\CodeIgniter->run()
#9 C:\wamp64\www\mep\admin\system\Commands\Server\rewrite.php(45): require_once('C:\\wamp64\\www\\m...')
#10 {main}
CRITICAL - 2021-02-25 09:36:32 --> Illegal string offset 'id'
#0 C:\wamp64\www\mep\admin\app\Views\usuario\index.php(55): CodeIgniter\Debug\Exceptions->errorHandler(2, 'Illegal string ...', 'C:\\wamp64\\www\\m...', 55, Array)
#1 C:\wamp64\www\mep\admin\system\View\View.php(220): include('C:\\wamp64\\www\\m...')
#2 C:\wamp64\www\mep\admin\system\View\View.php(222): CodeIgniter\View\View->CodeIgniter\View\{closure}()
#3 C:\wamp64\www\mep\admin\system\Common.php(1217): CodeIgniter\View\View->render('usuario/index', Array, true)
#4 C:\wamp64\www\mep\admin\app\Controllers\Usuario.php(217): view('usuario/index', Array)
#5 C:\wamp64\www\mep\admin\system\CodeIgniter.php(936): App\Controllers\Usuario->search()
#6 C:\wamp64\www\mep\admin\system\CodeIgniter.php(432): CodeIgniter\CodeIgniter->runController(Object(App\Controllers\Usuario))
#7 C:\wamp64\www\mep\admin\system\CodeIgniter.php(333): CodeIgniter\CodeIgniter->handleRequest(NULL, Object(Config\Cache), false)
#8 C:\wamp64\www\mep\admin\public\index.php(44): CodeIgniter\CodeIgniter->run()
#9 C:\wamp64\www\mep\admin\system\Commands\Server\rewrite.php(45): require_once('C:\\wamp64\\www\\m...')
#10 {main}
CRITICAL - 2021-02-25 09:46:03 --> Invalid argument supplied for foreach()
#0 C:\wamp64\www\mep\admin\app\Views\usuario\index.php(53): CodeIgniter\Debug\Exceptions->errorHandler(2, 'Invalid argumen...', 'C:\\wamp64\\www\\m...', 53, Array)
#1 C:\wamp64\www\mep\admin\system\View\View.php(220): include('C:\\wamp64\\www\\m...')
#2 C:\wamp64\www\mep\admin\system\View\View.php(222): CodeIgniter\View\View->CodeIgniter\View\{closure}()
#3 C:\wamp64\www\mep\admin\system\Common.php(1217): CodeIgniter\View\View->render('usuario/index', Array, true)
#4 C:\wamp64\www\mep\admin\app\Controllers\Usuario.php(39): view('usuario/index', Array)
#5 C:\wamp64\www\mep\admin\system\CodeIgniter.php(936): App\Controllers\Usuario->index()
#6 C:\wamp64\www\mep\admin\system\CodeIgniter.php(432): CodeIgniter\CodeIgniter->runController(Object(App\Controllers\Usuario))
#7 C:\wamp64\www\mep\admin\system\CodeIgniter.php(333): CodeIgniter\CodeIgniter->handleRequest(NULL, Object(Config\Cache), false)
#8 C:\wamp64\www\mep\admin\public\index.php(44): CodeIgniter\CodeIgniter->run()
#9 C:\wamp64\www\mep\admin\system\Commands\Server\rewrite.php(45): require_once('C:\\wamp64\\www\\m...')
#10 {main}
CRITICAL - 2021-02-25 09:47:12 --> Invalid argument supplied for foreach()
#0 C:\wamp64\www\mep\admin\app\Views\usuario\index.php(53): CodeIgniter\Debug\Exceptions->errorHandler(2, 'Invalid argumen...', 'C:\\wamp64\\www\\m...', 53, Array)
#1 C:\wamp64\www\mep\admin\system\View\View.php(220): include('C:\\wamp64\\www\\m...')
#2 C:\wamp64\www\mep\admin\system\View\View.php(222): CodeIgniter\View\View->CodeIgniter\View\{closure}()
#3 C:\wamp64\www\mep\admin\system\Common.php(1217): CodeIgniter\View\View->render('usuario/index', Array, true)
#4 C:\wamp64\www\mep\admin\app\Controllers\Usuario.php(39): view('usuario/index', Array)
#5 C:\wamp64\www\mep\admin\system\CodeIgniter.php(936): App\Controllers\Usuario->index()
#6 C:\wamp64\www\mep\admin\system\CodeIgniter.php(432): CodeIgniter\CodeIgniter->runController(Object(App\Controllers\Usuario))
#7 C:\wamp64\www\mep\admin\system\CodeIgniter.php(333): CodeIgniter\CodeIgniter->handleRequest(NULL, Object(Config\Cache), false)
#8 C:\wamp64\www\mep\admin\public\index.php(44): CodeIgniter\CodeIgniter->run()
#9 C:\wamp64\www\mep\admin\system\Commands\Server\rewrite.php(45): require_once('C:\\wamp64\\www\\m...')
#10 {main}
