CRITICAL - 2021-03-01 06:24:53 --> Invalid argument supplied for foreach()
#0 C:\wamp64\www\mep\admin\app\Views\usuario\index.php(53): CodeIgniter\Debug\Exceptions->errorHandler(2, 'Invalid argumen...', 'C:\\wamp64\\www\\m...', 53, Array)
#1 C:\wamp64\www\mep\admin\system\View\View.php(220): include('C:\\wamp64\\www\\m...')
#2 C:\wamp64\www\mep\admin\system\View\View.php(222): CodeIgniter\View\View->CodeIgniter\View\{closure}()
#3 C:\wamp64\www\mep\admin\system\Common.php(1217): CodeIgniter\View\View->render('usuario/index', Array, true)
#4 C:\wamp64\www\mep\admin\app\Controllers\Usuario.php(39): view('usuario/index', Array)
#5 C:\wamp64\www\mep\admin\system\CodeIgniter.php(936): App\Controllers\Usuario->index()
#6 C:\wamp64\www\mep\admin\system\CodeIgniter.php(432): CodeIgniter\CodeIgniter->runController(Object(App\Controllers\Usuario))
#7 C:\wamp64\www\mep\admin\system\CodeIgniter.php(333): CodeIgniter\CodeIgniter->handleRequest(NULL, Object(Config\Cache), false)
#8 C:\wamp64\www\mep\admin\public\index.php(44): CodeIgniter\CodeIgniter->run()
#9 C:\wamp64\www\mep\admin\system\Commands\Server\rewrite.php(45): require_once('C:\\wamp64\\www\\m...')
#10 {main}
CRITICAL - 2021-03-01 06:25:41 --> Too few arguments to function App\Controllers\Usuario::edit(), 0 passed in C:\wamp64\www\mep\admin\system\CodeIgniter.php on line 936 and exactly 1 expected
#0 C:\wamp64\www\mep\admin\system\CodeIgniter.php(936): App\Controllers\Usuario->edit()
#1 C:\wamp64\www\mep\admin\system\CodeIgniter.php(432): CodeIgniter\CodeIgniter->runController(Object(App\Controllers\Usuario))
#2 C:\wamp64\www\mep\admin\system\CodeIgniter.php(333): CodeIgniter\CodeIgniter->handleRequest(NULL, Object(Config\Cache), false)
#3 C:\wamp64\www\mep\admin\public\index.php(44): CodeIgniter\CodeIgniter->run()
#4 C:\wamp64\www\mep\admin\system\Commands\Server\rewrite.php(45): require_once('C:\\wamp64\\www\\m...')
#5 {main}
CRITICAL - 2021-03-01 06:26:36 --> Undefined variable: id
#0 C:\wamp64\www\mep\admin\app\Models\UsuarioModel.php(35): CodeIgniter\Debug\Exceptions->errorHandler(8, 'Undefined varia...', 'C:\\wamp64\\www\\m...', 35, Array)
#1 C:\wamp64\www\mep\admin\app\Controllers\Usuario.php(25): App\Models\UsuarioModel->pesquisar('Lucas')
#2 C:\wamp64\www\mep\admin\system\CodeIgniter.php(936): App\Controllers\Usuario->index()
#3 C:\wamp64\www\mep\admin\system\CodeIgniter.php(432): CodeIgniter\CodeIgniter->runController(Object(App\Controllers\Usuario))
#4 C:\wamp64\www\mep\admin\system\CodeIgniter.php(333): CodeIgniter\CodeIgniter->handleRequest(NULL, Object(Config\Cache), false)
#5 C:\wamp64\www\mep\admin\public\index.php(44): CodeIgniter\CodeIgniter->run()
#6 C:\wamp64\www\mep\admin\system\Commands\Server\rewrite.php(45): require_once('C:\\wamp64\\www\\m...')
#7 {main}
CRITICAL - 2021-03-01 06:26:42 --> Undefined variable: id
#0 C:\wamp64\www\mep\admin\app\Models\UsuarioModel.php(35): CodeIgniter\Debug\Exceptions->errorHandler(8, 'Undefined varia...', 'C:\\wamp64\\www\\m...', 35, Array)
#1 C:\wamp64\www\mep\admin\app\Controllers\Usuario.php(25): App\Models\UsuarioModel->pesquisar('4')
#2 C:\wamp64\www\mep\admin\system\CodeIgniter.php(936): App\Controllers\Usuario->index()
#3 C:\wamp64\www\mep\admin\system\CodeIgniter.php(432): CodeIgniter\CodeIgniter->runController(Object(App\Controllers\Usuario))
#4 C:\wamp64\www\mep\admin\system\CodeIgniter.php(333): CodeIgniter\CodeIgniter->handleRequest(NULL, Object(Config\Cache), false)
#5 C:\wamp64\www\mep\admin\public\index.php(44): CodeIgniter\CodeIgniter->run()
#6 C:\wamp64\www\mep\admin\system\Commands\Server\rewrite.php(45): require_once('C:\\wamp64\\www\\m...')
#7 {main}
CRITICAL - 2021-03-01 06:26:58 --> Illegal string offset 'id'
#0 C:\wamp64\www\mep\admin\app\Views\usuario\index.php(55): CodeIgniter\Debug\Exceptions->errorHandler(2, 'Illegal string ...', 'C:\\wamp64\\www\\m...', 55, Array)
#1 C:\wamp64\www\mep\admin\system\View\View.php(220): include('C:\\wamp64\\www\\m...')
#2 C:\wamp64\www\mep\admin\system\View\View.php(222): CodeIgniter\View\View->CodeIgniter\View\{closure}()
#3 C:\wamp64\www\mep\admin\system\Common.php(1217): CodeIgniter\View\View->render('usuario/index', Array, true)
#4 C:\wamp64\www\mep\admin\app\Controllers\Usuario.php(39): view('usuario/index', Array)
#5 C:\wamp64\www\mep\admin\system\CodeIgniter.php(936): App\Controllers\Usuario->index()
#6 C:\wamp64\www\mep\admin\system\CodeIgniter.php(432): CodeIgniter\CodeIgniter->runController(Object(App\Controllers\Usuario))
#7 C:\wamp64\www\mep\admin\system\CodeIgniter.php(333): CodeIgniter\CodeIgniter->handleRequest(NULL, Object(Config\Cache), false)
#8 C:\wamp64\www\mep\admin\public\index.php(44): CodeIgniter\CodeIgniter->run()
#9 C:\wamp64\www\mep\admin\system\Commands\Server\rewrite.php(45): require_once('C:\\wamp64\\www\\m...')
#10 {main}
CRITICAL - 2021-03-01 07:41:39 --> Illegal string offset 'id'
#0 C:\wamp64\www\mep\admin\app\Views\usuario\index.php(55): CodeIgniter\Debug\Exceptions->errorHandler(2, 'Illegal string ...', 'C:\\wamp64\\www\\m...', 55, Array)
#1 C:\wamp64\www\mep\admin\system\View\View.php(220): include('C:\\wamp64\\www\\m...')
#2 C:\wamp64\www\mep\admin\system\View\View.php(222): CodeIgniter\View\View->CodeIgniter\View\{closure}()
#3 C:\wamp64\www\mep\admin\system\Common.php(1217): CodeIgniter\View\View->render('usuario/index', Array, true)
#4 C:\wamp64\www\mep\admin\app\Controllers\Usuario.php(41): view('usuario/index', Array)
#5 C:\wamp64\www\mep\admin\system\CodeIgniter.php(936): App\Controllers\Usuario->index()
#6 C:\wamp64\www\mep\admin\system\CodeIgniter.php(432): CodeIgniter\CodeIgniter->runController(Object(App\Controllers\Usuario))
#7 C:\wamp64\www\mep\admin\system\CodeIgniter.php(333): CodeIgniter\CodeIgniter->handleRequest(NULL, Object(Config\Cache), false)
#8 C:\wamp64\www\mep\admin\public\index.php(44): CodeIgniter\CodeIgniter->run()
#9 C:\wamp64\www\mep\admin\system\Commands\Server\rewrite.php(45): require_once('C:\\wamp64\\www\\m...')
#10 {main}
CRITICAL - 2021-03-01 07:42:12 --> Illegal string offset 'id'
#0 C:\wamp64\www\mep\admin\app\Views\usuario\index.php(55): CodeIgniter\Debug\Exceptions->errorHandler(2, 'Illegal string ...', 'C:\\wamp64\\www\\m...', 55, Array)
#1 C:\wamp64\www\mep\admin\system\View\View.php(220): include('C:\\wamp64\\www\\m...')
#2 C:\wamp64\www\mep\admin\system\View\View.php(222): CodeIgniter\View\View->CodeIgniter\View\{closure}()
#3 C:\wamp64\www\mep\admin\system\Common.php(1217): CodeIgniter\View\View->render('usuario/index', Array, true)
#4 C:\wamp64\www\mep\admin\app\Controllers\Usuario.php(41): view('usuario/index', Array)
#5 C:\wamp64\www\mep\admin\system\CodeIgniter.php(936): App\Controllers\Usuario->index()
#6 C:\wamp64\www\mep\admin\system\CodeIgniter.php(432): CodeIgniter\CodeIgniter->runController(Object(App\Controllers\Usuario))
#7 C:\wamp64\www\mep\admin\system\CodeIgniter.php(333): CodeIgniter\CodeIgniter->handleRequest(NULL, Object(Config\Cache), false)
#8 C:\wamp64\www\mep\admin\public\index.php(44): CodeIgniter\CodeIgniter->run()
#9 C:\wamp64\www\mep\admin\system\Commands\Server\rewrite.php(45): require_once('C:\\wamp64\\www\\m...')
#10 {main}
CRITICAL - 2021-03-01 07:43:18 --> Array to string conversion
#0 C:\wamp64\www\mep\admin\app\Controllers\Usuario.php(28): CodeIgniter\Debug\Exceptions->errorHandler(8, 'Array to string...', 'C:\\wamp64\\www\\m...', 28, Array)
#1 C:\wamp64\www\mep\admin\system\CodeIgniter.php(936): App\Controllers\Usuario->index()
#2 C:\wamp64\www\mep\admin\system\CodeIgniter.php(432): CodeIgniter\CodeIgniter->runController(Object(App\Controllers\Usuario))
#3 C:\wamp64\www\mep\admin\system\CodeIgniter.php(333): CodeIgniter\CodeIgniter->handleRequest(NULL, Object(Config\Cache), false)
#4 C:\wamp64\www\mep\admin\public\index.php(44): CodeIgniter\CodeIgniter->run()
#5 C:\wamp64\www\mep\admin\system\Commands\Server\rewrite.php(45): require_once('C:\\wamp64\\www\\m...')
#6 {main}
CRITICAL - 2021-03-01 07:47:56 --> Object of class App\Models\UsuarioModel could not be converted to string
#0 C:\wamp64\www\mep\admin\app\Models\UsuarioModel.php(34): CodeIgniter\Debug\Exceptions->errorHandler(4096, 'Object of class...', 'C:\\wamp64\\www\\m...', 34, Array)
#1 C:\wamp64\www\mep\admin\app\Controllers\Usuario.php(25): App\Models\UsuarioModel->pesquisar('Lucas')
#2 C:\wamp64\www\mep\admin\system\CodeIgniter.php(936): App\Controllers\Usuario->index()
#3 C:\wamp64\www\mep\admin\system\CodeIgniter.php(432): CodeIgniter\CodeIgniter->runController(Object(App\Controllers\Usuario))
#4 C:\wamp64\www\mep\admin\system\CodeIgniter.php(333): CodeIgniter\CodeIgniter->handleRequest(NULL, Object(Config\Cache), false)
#5 C:\wamp64\www\mep\admin\public\index.php(44): CodeIgniter\CodeIgniter->run()
#6 C:\wamp64\www\mep\admin\system\Commands\Server\rewrite.php(45): require_once('C:\\wamp64\\www\\m...')
#7 {main}
CRITICAL - 2021-03-01 07:48:15 --> Invalid argument supplied for foreach()
#0 C:\wamp64\www\mep\admin\app\Views\usuario\index.php(53): CodeIgniter\Debug\Exceptions->errorHandler(2, 'Invalid argumen...', 'C:\\wamp64\\www\\m...', 53, Array)
#1 C:\wamp64\www\mep\admin\system\View\View.php(220): include('C:\\wamp64\\www\\m...')
#2 C:\wamp64\www\mep\admin\system\View\View.php(222): CodeIgniter\View\View->CodeIgniter\View\{closure}()
#3 C:\wamp64\www\mep\admin\system\Common.php(1217): CodeIgniter\View\View->render('usuario/index', Array, true)
#4 C:\wamp64\www\mep\admin\app\Controllers\Usuario.php(41): view('usuario/index', Array)
#5 C:\wamp64\www\mep\admin\system\CodeIgniter.php(936): App\Controllers\Usuario->index()
#6 C:\wamp64\www\mep\admin\system\CodeIgniter.php(432): CodeIgniter\CodeIgniter->runController(Object(App\Controllers\Usuario))
#7 C:\wamp64\www\mep\admin\system\CodeIgniter.php(333): CodeIgniter\CodeIgniter->handleRequest(NULL, Object(Config\Cache), false)
#8 C:\wamp64\www\mep\admin\public\index.php(44): CodeIgniter\CodeIgniter->run()
#9 C:\wamp64\www\mep\admin\system\Commands\Server\rewrite.php(45): require_once('C:\\wamp64\\www\\m...')
#10 {main}
CRITICAL - 2021-03-01 07:48:23 --> Invalid argument supplied for foreach()
#0 C:\wamp64\www\mep\admin\app\Views\usuario\index.php(53): CodeIgniter\Debug\Exceptions->errorHandler(2, 'Invalid argumen...', 'C:\\wamp64\\www\\m...', 53, Array)
#1 C:\wamp64\www\mep\admin\system\View\View.php(220): include('C:\\wamp64\\www\\m...')
#2 C:\wamp64\www\mep\admin\system\View\View.php(222): CodeIgniter\View\View->CodeIgniter\View\{closure}()
#3 C:\wamp64\www\mep\admin\system\Common.php(1217): CodeIgniter\View\View->render('usuario/index', Array, true)
#4 C:\wamp64\www\mep\admin\app\Controllers\Usuario.php(41): view('usuario/index', Array)
#5 C:\wamp64\www\mep\admin\system\CodeIgniter.php(936): App\Controllers\Usuario->index()
#6 C:\wamp64\www\mep\admin\system\CodeIgniter.php(432): CodeIgniter\CodeIgniter->runController(Object(App\Controllers\Usuario))
#7 C:\wamp64\www\mep\admin\system\CodeIgniter.php(333): CodeIgniter\CodeIgniter->handleRequest(NULL, Object(Config\Cache), false)
#8 C:\wamp64\www\mep\admin\public\index.php(44): CodeIgniter\CodeIgniter->run()
#9 C:\wamp64\www\mep\admin\system\Commands\Server\rewrite.php(45): require_once('C:\\wamp64\\www\\m...')
#10 {main}
CRITICAL - 2021-03-01 07:54:36 --> Illegal string offset 'id'
#0 C:\wamp64\www\mep\admin\app\Views\usuario\index.php(56): CodeIgniter\Debug\Exceptions->errorHandler(2, 'Illegal string ...', 'C:\\wamp64\\www\\m...', 56, Array)
#1 C:\wamp64\www\mep\admin\system\View\View.php(220): include('C:\\wamp64\\www\\m...')
#2 C:\wamp64\www\mep\admin\system\View\View.php(222): CodeIgniter\View\View->CodeIgniter\View\{closure}()
#3 C:\wamp64\www\mep\admin\system\Common.php(1217): CodeIgniter\View\View->render('usuario/index', Array, true)
#4 C:\wamp64\www\mep\admin\app\Controllers\Usuario.php(41): view('usuario/index', Array)
#5 C:\wamp64\www\mep\admin\system\CodeIgniter.php(936): App\Controllers\Usuario->index()
#6 C:\wamp64\www\mep\admin\system\CodeIgniter.php(432): CodeIgniter\CodeIgniter->runController(Object(App\Controllers\Usuario))
#7 C:\wamp64\www\mep\admin\system\CodeIgniter.php(333): CodeIgniter\CodeIgniter->handleRequest(NULL, Object(Config\Cache), false)
#8 C:\wamp64\www\mep\admin\public\index.php(44): CodeIgniter\CodeIgniter->run()
#9 C:\wamp64\www\mep\admin\system\Commands\Server\rewrite.php(45): require_once('C:\\wamp64\\www\\m...')
#10 {main}
CRITICAL - 2021-03-01 07:55:32 --> Illegal string offset 'id'
#0 C:\wamp64\www\mep\admin\app\Views\usuario\index.php(56): CodeIgniter\Debug\Exceptions->errorHandler(2, 'Illegal string ...', 'C:\\wamp64\\www\\m...', 56, Array)
#1 C:\wamp64\www\mep\admin\system\View\View.php(220): include('C:\\wamp64\\www\\m...')
#2 C:\wamp64\www\mep\admin\system\View\View.php(222): CodeIgniter\View\View->CodeIgniter\View\{closure}()
#3 C:\wamp64\www\mep\admin\system\Common.php(1217): CodeIgniter\View\View->render('usuario/index', Array, true)
#4 C:\wamp64\www\mep\admin\app\Controllers\Usuario.php(41): view('usuario/index', Array)
#5 C:\wamp64\www\mep\admin\system\CodeIgniter.php(936): App\Controllers\Usuario->index()
#6 C:\wamp64\www\mep\admin\system\CodeIgniter.php(432): CodeIgniter\CodeIgniter->runController(Object(App\Controllers\Usuario))
#7 C:\wamp64\www\mep\admin\system\CodeIgniter.php(333): CodeIgniter\CodeIgniter->handleRequest(NULL, Object(Config\Cache), false)
#8 C:\wamp64\www\mep\admin\public\index.php(44): CodeIgniter\CodeIgniter->run()
#9 C:\wamp64\www\mep\admin\system\Commands\Server\rewrite.php(45): require_once('C:\\wamp64\\www\\m...')
#10 {main}
CRITICAL - 2021-03-01 07:56:52 --> Invalid argument supplied for foreach()
#0 C:\wamp64\www\mep\admin\app\Views\usuario\index.php(54): CodeIgniter\Debug\Exceptions->errorHandler(2, 'Invalid argumen...', 'C:\\wamp64\\www\\m...', 54, Array)
#1 C:\wamp64\www\mep\admin\system\View\View.php(220): include('C:\\wamp64\\www\\m...')
#2 C:\wamp64\www\mep\admin\system\View\View.php(222): CodeIgniter\View\View->CodeIgniter\View\{closure}()
#3 C:\wamp64\www\mep\admin\system\Common.php(1217): CodeIgniter\View\View->render('usuario/index', Array, true)
#4 C:\wamp64\www\mep\admin\app\Controllers\Usuario.php(41): view('usuario/index', Array)
#5 C:\wamp64\www\mep\admin\system\CodeIgniter.php(936): App\Controllers\Usuario->index()
#6 C:\wamp64\www\mep\admin\system\CodeIgniter.php(432): CodeIgniter\CodeIgniter->runController(Object(App\Controllers\Usuario))
#7 C:\wamp64\www\mep\admin\system\CodeIgniter.php(333): CodeIgniter\CodeIgniter->handleRequest(NULL, Object(Config\Cache), false)
#8 C:\wamp64\www\mep\admin\public\index.php(44): CodeIgniter\CodeIgniter->run()
#9 C:\wamp64\www\mep\admin\system\Commands\Server\rewrite.php(45): require_once('C:\\wamp64\\www\\m...')
#10 {main}
CRITICAL - 2021-03-01 07:57:34 --> Illegal string offset 'id'
#0 C:\wamp64\www\mep\admin\app\Views\usuario\index.php(56): CodeIgniter\Debug\Exceptions->errorHandler(2, 'Illegal string ...', 'C:\\wamp64\\www\\m...', 56, Array)
#1 C:\wamp64\www\mep\admin\system\View\View.php(220): include('C:\\wamp64\\www\\m...')
#2 C:\wamp64\www\mep\admin\system\View\View.php(222): CodeIgniter\View\View->CodeIgniter\View\{closure}()
#3 C:\wamp64\www\mep\admin\system\Common.php(1217): CodeIgniter\View\View->render('usuario/index', Array, true)
#4 C:\wamp64\www\mep\admin\app\Controllers\Usuario.php(41): view('usuario/index', Array)
#5 C:\wamp64\www\mep\admin\system\CodeIgniter.php(936): App\Controllers\Usuario->index()
#6 C:\wamp64\www\mep\admin\system\CodeIgniter.php(432): CodeIgniter\CodeIgniter->runController(Object(App\Controllers\Usuario))
#7 C:\wamp64\www\mep\admin\system\CodeIgniter.php(333): CodeIgniter\CodeIgniter->handleRequest(NULL, Object(Config\Cache), false)
#8 C:\wamp64\www\mep\admin\public\index.php(44): CodeIgniter\CodeIgniter->run()
#9 C:\wamp64\www\mep\admin\system\Commands\Server\rewrite.php(45): require_once('C:\\wamp64\\www\\m...')
#10 {main}
CRITICAL - 2021-03-01 07:57:40 --> Illegal string offset 'id'
#0 C:\wamp64\www\mep\admin\app\Views\usuario\index.php(56): CodeIgniter\Debug\Exceptions->errorHandler(2, 'Illegal string ...', 'C:\\wamp64\\www\\m...', 56, Array)
#1 C:\wamp64\www\mep\admin\system\View\View.php(220): include('C:\\wamp64\\www\\m...')
#2 C:\wamp64\www\mep\admin\system\View\View.php(222): CodeIgniter\View\View->CodeIgniter\View\{closure}()
#3 C:\wamp64\www\mep\admin\system\Common.php(1217): CodeIgniter\View\View->render('usuario/index', Array, true)
#4 C:\wamp64\www\mep\admin\app\Controllers\Usuario.php(41): view('usuario/index', Array)
#5 C:\wamp64\www\mep\admin\system\CodeIgniter.php(936): App\Controllers\Usuario->index()
#6 C:\wamp64\www\mep\admin\system\CodeIgniter.php(432): CodeIgniter\CodeIgniter->runController(Object(App\Controllers\Usuario))
#7 C:\wamp64\www\mep\admin\system\CodeIgniter.php(333): CodeIgniter\CodeIgniter->handleRequest(NULL, Object(Config\Cache), false)
#8 C:\wamp64\www\mep\admin\public\index.php(44): CodeIgniter\CodeIgniter->run()
#9 C:\wamp64\www\mep\admin\system\Commands\Server\rewrite.php(45): require_once('C:\\wamp64\\www\\m...')
#10 {main}
CRITICAL - 2021-03-01 07:58:48 --> Illegal string offset 'id'
#0 C:\wamp64\www\mep\admin\app\Views\usuario\index.php(55): CodeIgniter\Debug\Exceptions->errorHandler(2, 'Illegal string ...', 'C:\\wamp64\\www\\m...', 55, Array)
#1 C:\wamp64\www\mep\admin\system\View\View.php(220): include('C:\\wamp64\\www\\m...')
#2 C:\wamp64\www\mep\admin\system\View\View.php(222): CodeIgniter\View\View->CodeIgniter\View\{closure}()
#3 C:\wamp64\www\mep\admin\system\Common.php(1217): CodeIgniter\View\View->render('usuario/index', Array, true)
#4 C:\wamp64\www\mep\admin\app\Controllers\Usuario.php(41): view('usuario/index', Array)
#5 C:\wamp64\www\mep\admin\system\CodeIgniter.php(936): App\Controllers\Usuario->index()
#6 C:\wamp64\www\mep\admin\system\CodeIgniter.php(432): CodeIgniter\CodeIgniter->runController(Object(App\Controllers\Usuario))
#7 C:\wamp64\www\mep\admin\system\CodeIgniter.php(333): CodeIgniter\CodeIgniter->handleRequest(NULL, Object(Config\Cache), false)
#8 C:\wamp64\www\mep\admin\public\index.php(44): CodeIgniter\CodeIgniter->run()
#9 C:\wamp64\www\mep\admin\system\Commands\Server\rewrite.php(45): require_once('C:\\wamp64\\www\\m...')
#10 {main}
CRITICAL - 2021-03-01 07:59:22 --> Illegal string offset 'id'
#0 C:\wamp64\www\mep\admin\app\Views\usuario\index.php(55): CodeIgniter\Debug\Exceptions->errorHandler(2, 'Illegal string ...', 'C:\\wamp64\\www\\m...', 55, Array)
#1 C:\wamp64\www\mep\admin\system\View\View.php(220): include('C:\\wamp64\\www\\m...')
#2 C:\wamp64\www\mep\admin\system\View\View.php(222): CodeIgniter\View\View->CodeIgniter\View\{closure}()
#3 C:\wamp64\www\mep\admin\system\Common.php(1217): CodeIgniter\View\View->render('usuario/index', Array, true)
#4 C:\wamp64\www\mep\admin\app\Controllers\Usuario.php(43): view('usuario/index', Array)
#5 C:\wamp64\www\mep\admin\system\CodeIgniter.php(936): App\Controllers\Usuario->index()
#6 C:\wamp64\www\mep\admin\system\CodeIgniter.php(432): CodeIgniter\CodeIgniter->runController(Object(App\Controllers\Usuario))
#7 C:\wamp64\www\mep\admin\system\CodeIgniter.php(333): CodeIgniter\CodeIgniter->handleRequest(NULL, Object(Config\Cache), false)
#8 C:\wamp64\www\mep\admin\public\index.php(44): CodeIgniter\CodeIgniter->run()
#9 C:\wamp64\www\mep\admin\system\Commands\Server\rewrite.php(45): require_once('C:\\wamp64\\www\\m...')
#10 {main}
CRITICAL - 2021-03-01 07:59:47 --> Illegal string offset 'id'
#0 C:\wamp64\www\mep\admin\app\Views\usuario\index.php(55): CodeIgniter\Debug\Exceptions->errorHandler(2, 'Illegal string ...', 'C:\\wamp64\\www\\m...', 55, Array)
#1 C:\wamp64\www\mep\admin\system\View\View.php(220): include('C:\\wamp64\\www\\m...')
#2 C:\wamp64\www\mep\admin\system\View\View.php(222): CodeIgniter\View\View->CodeIgniter\View\{closure}()
#3 C:\wamp64\www\mep\admin\system\Common.php(1217): CodeIgniter\View\View->render('usuario/index', Array, true)
#4 C:\wamp64\www\mep\admin\app\Controllers\Usuario.php(43): view('usuario/index', Array)
#5 C:\wamp64\www\mep\admin\system\CodeIgniter.php(936): App\Controllers\Usuario->index()
#6 C:\wamp64\www\mep\admin\system\CodeIgniter.php(432): CodeIgniter\CodeIgniter->runController(Object(App\Controllers\Usuario))
#7 C:\wamp64\www\mep\admin\system\CodeIgniter.php(333): CodeIgniter\CodeIgniter->handleRequest(NULL, Object(Config\Cache), false)
#8 C:\wamp64\www\mep\admin\public\index.php(44): CodeIgniter\CodeIgniter->run()
#9 C:\wamp64\www\mep\admin\system\Commands\Server\rewrite.php(45): require_once('C:\\wamp64\\www\\m...')
#10 {main}
CRITICAL - 2021-03-01 08:00:16 --> Illegal string offset 'id'
#0 C:\wamp64\www\mep\admin\app\Views\usuario\index.php(55): CodeIgniter\Debug\Exceptions->errorHandler(2, 'Illegal string ...', 'C:\\wamp64\\www\\m...', 55, Array)
#1 C:\wamp64\www\mep\admin\system\View\View.php(220): include('C:\\wamp64\\www\\m...')
#2 C:\wamp64\www\mep\admin\system\View\View.php(222): CodeIgniter\View\View->CodeIgniter\View\{closure}()
#3 C:\wamp64\www\mep\admin\system\Common.php(1217): CodeIgniter\View\View->render('usuario/index', Array, true)
#4 C:\wamp64\www\mep\admin\app\Controllers\Usuario.php(43): view('usuario/index', Array)
#5 C:\wamp64\www\mep\admin\system\CodeIgniter.php(936): App\Controllers\Usuario->index()
#6 C:\wamp64\www\mep\admin\system\CodeIgniter.php(432): CodeIgniter\CodeIgniter->runController(Object(App\Controllers\Usuario))
#7 C:\wamp64\www\mep\admin\system\CodeIgniter.php(333): CodeIgniter\CodeIgniter->handleRequest(NULL, Object(Config\Cache), false)
#8 C:\wamp64\www\mep\admin\public\index.php(44): CodeIgniter\CodeIgniter->run()
#9 C:\wamp64\www\mep\admin\system\Commands\Server\rewrite.php(45): require_once('C:\\wamp64\\www\\m...')
#10 {main}
CRITICAL - 2021-03-01 08:00:45 --> Illegal string offset 'id'
#0 C:\wamp64\www\mep\admin\app\Views\usuario\index.php(55): CodeIgniter\Debug\Exceptions->errorHandler(2, 'Illegal string ...', 'C:\\wamp64\\www\\m...', 55, Array)
#1 C:\wamp64\www\mep\admin\system\View\View.php(220): include('C:\\wamp64\\www\\m...')
#2 C:\wamp64\www\mep\admin\system\View\View.php(222): CodeIgniter\View\View->CodeIgniter\View\{closure}()
#3 C:\wamp64\www\mep\admin\system\Common.php(1217): CodeIgniter\View\View->render('usuario/index', Array, true)
#4 C:\wamp64\www\mep\admin\app\Controllers\Usuario.php(45): view('usuario/index', Array)
#5 C:\wamp64\www\mep\admin\system\CodeIgniter.php(936): App\Controllers\Usuario->index()
#6 C:\wamp64\www\mep\admin\system\CodeIgniter.php(432): CodeIgniter\CodeIgniter->runController(Object(App\Controllers\Usuario))
#7 C:\wamp64\www\mep\admin\system\CodeIgniter.php(333): CodeIgniter\CodeIgniter->handleRequest(NULL, Object(Config\Cache), false)
#8 C:\wamp64\www\mep\admin\public\index.php(44): CodeIgniter\CodeIgniter->run()
#9 C:\wamp64\www\mep\admin\system\Commands\Server\rewrite.php(45): require_once('C:\\wamp64\\www\\m...')
#10 {main}
CRITICAL - 2021-03-01 08:01:05 --> Illegal string offset 'id'
#0 C:\wamp64\www\mep\admin\app\Views\usuario\index.php(55): CodeIgniter\Debug\Exceptions->errorHandler(2, 'Illegal string ...', 'C:\\wamp64\\www\\m...', 55, Array)
#1 C:\wamp64\www\mep\admin\system\View\View.php(220): include('C:\\wamp64\\www\\m...')
#2 C:\wamp64\www\mep\admin\system\View\View.php(222): CodeIgniter\View\View->CodeIgniter\View\{closure}()
#3 C:\wamp64\www\mep\admin\system\Common.php(1217): CodeIgniter\View\View->render('usuario/index', Array, true)
#4 C:\wamp64\www\mep\admin\app\Controllers\Usuario.php(45): view('usuario/index', Array)
#5 C:\wamp64\www\mep\admin\system\CodeIgniter.php(936): App\Controllers\Usuario->index()
#6 C:\wamp64\www\mep\admin\system\CodeIgniter.php(432): CodeIgniter\CodeIgniter->runController(Object(App\Controllers\Usuario))
#7 C:\wamp64\www\mep\admin\system\CodeIgniter.php(333): CodeIgniter\CodeIgniter->handleRequest(NULL, Object(Config\Cache), false)
#8 C:\wamp64\www\mep\admin\public\index.php(44): CodeIgniter\CodeIgniter->run()
#9 C:\wamp64\www\mep\admin\system\Commands\Server\rewrite.php(45): require_once('C:\\wamp64\\www\\m...')
#10 {main}
CRITICAL - 2021-03-01 08:01:22 --> syntax error, unexpected '}', expecting ',' or ';'
#0 C:\wamp64\www\mep\admin\system\Router\Router.php(170): CodeIgniter\Router\Router->autoRoute('Usuario/index')
#1 C:\wamp64\www\mep\admin\system\CodeIgniter.php(816): CodeIgniter\Router\Router->handle('Usuario/index')
#2 C:\wamp64\www\mep\admin\system\CodeIgniter.php(385): CodeIgniter\CodeIgniter->tryToRouteIt(Object(CodeIgniter\Router\RouteCollection))
#3 C:\wamp64\www\mep\admin\system\CodeIgniter.php(333): CodeIgniter\CodeIgniter->handleRequest(NULL, Object(Config\Cache), false)
#4 C:\wamp64\www\mep\admin\public\index.php(44): CodeIgniter\CodeIgniter->run()
#5 C:\wamp64\www\mep\admin\system\Commands\Server\rewrite.php(45): require_once('C:\\wamp64\\www\\m...')
#6 {main}
CRITICAL - 2021-03-01 08:01:32 --> Illegal string offset 'id'
#0 C:\wamp64\www\mep\admin\app\Views\usuario\index.php(55): CodeIgniter\Debug\Exceptions->errorHandler(2, 'Illegal string ...', 'C:\\wamp64\\www\\m...', 55, Array)
#1 C:\wamp64\www\mep\admin\system\View\View.php(220): include('C:\\wamp64\\www\\m...')
#2 C:\wamp64\www\mep\admin\system\View\View.php(222): CodeIgniter\View\View->CodeIgniter\View\{closure}()
#3 C:\wamp64\www\mep\admin\system\Common.php(1217): CodeIgniter\View\View->render('usuario/index', Array, true)
#4 C:\wamp64\www\mep\admin\app\Controllers\Usuario.php(45): view('usuario/index', Array)
#5 C:\wamp64\www\mep\admin\system\CodeIgniter.php(936): App\Controllers\Usuario->index()
#6 C:\wamp64\www\mep\admin\system\CodeIgniter.php(432): CodeIgniter\CodeIgniter->runController(Object(App\Controllers\Usuario))
#7 C:\wamp64\www\mep\admin\system\CodeIgniter.php(333): CodeIgniter\CodeIgniter->handleRequest(NULL, Object(Config\Cache), false)
#8 C:\wamp64\www\mep\admin\public\index.php(44): CodeIgniter\CodeIgniter->run()
#9 C:\wamp64\www\mep\admin\system\Commands\Server\rewrite.php(45): require_once('C:\\wamp64\\www\\m...')
#10 {main}
CRITICAL - 2021-03-01 08:02:23 --> Illegal string offset 'id'
#0 C:\wamp64\www\mep\admin\app\Views\usuario\index.php(55): CodeIgniter\Debug\Exceptions->errorHandler(2, 'Illegal string ...', 'C:\\wamp64\\www\\m...', 55, Array)
#1 C:\wamp64\www\mep\admin\system\View\View.php(220): include('C:\\wamp64\\www\\m...')
#2 C:\wamp64\www\mep\admin\system\View\View.php(222): CodeIgniter\View\View->CodeIgniter\View\{closure}()
#3 C:\wamp64\www\mep\admin\system\Common.php(1217): CodeIgniter\View\View->render('usuario/index', Array, true)
#4 C:\wamp64\www\mep\admin\app\Controllers\Usuario.php(45): view('usuario/index', Array)
#5 C:\wamp64\www\mep\admin\system\CodeIgniter.php(936): App\Controllers\Usuario->index()
#6 C:\wamp64\www\mep\admin\system\CodeIgniter.php(432): CodeIgniter\CodeIgniter->runController(Object(App\Controllers\Usuario))
#7 C:\wamp64\www\mep\admin\system\CodeIgniter.php(333): CodeIgniter\CodeIgniter->handleRequest(NULL, Object(Config\Cache), false)
#8 C:\wamp64\www\mep\admin\public\index.php(44): CodeIgniter\CodeIgniter->run()
#9 C:\wamp64\www\mep\admin\system\Commands\Server\rewrite.php(45): require_once('C:\\wamp64\\www\\m...')
#10 {main}
CRITICAL - 2021-03-01 08:02:59 --> Illegal string offset 'id'
#0 C:\wamp64\www\mep\admin\app\Views\usuario\index.php(55): CodeIgniter\Debug\Exceptions->errorHandler(2, 'Illegal string ...', 'C:\\wamp64\\www\\m...', 55, Array)
#1 C:\wamp64\www\mep\admin\system\View\View.php(220): include('C:\\wamp64\\www\\m...')
#2 C:\wamp64\www\mep\admin\system\View\View.php(222): CodeIgniter\View\View->CodeIgniter\View\{closure}()
#3 C:\wamp64\www\mep\admin\system\Common.php(1217): CodeIgniter\View\View->render('usuario/index', Array, true)
#4 C:\wamp64\www\mep\admin\app\Controllers\Usuario.php(40): view('usuario/index', Array)
#5 C:\wamp64\www\mep\admin\system\CodeIgniter.php(936): App\Controllers\Usuario->index()
#6 C:\wamp64\www\mep\admin\system\CodeIgniter.php(432): CodeIgniter\CodeIgniter->runController(Object(App\Controllers\Usuario))
#7 C:\wamp64\www\mep\admin\system\CodeIgniter.php(333): CodeIgniter\CodeIgniter->handleRequest(NULL, Object(Config\Cache), false)
#8 C:\wamp64\www\mep\admin\public\index.php(44): CodeIgniter\CodeIgniter->run()
#9 C:\wamp64\www\mep\admin\system\Commands\Server\rewrite.php(45): require_once('C:\\wamp64\\www\\m...')
#10 {main}
CRITICAL - 2021-03-01 08:03:04 --> Illegal string offset 'id'
#0 C:\wamp64\www\mep\admin\app\Views\usuario\index.php(55): CodeIgniter\Debug\Exceptions->errorHandler(2, 'Illegal string ...', 'C:\\wamp64\\www\\m...', 55, Array)
#1 C:\wamp64\www\mep\admin\system\View\View.php(220): include('C:\\wamp64\\www\\m...')
#2 C:\wamp64\www\mep\admin\system\View\View.php(222): CodeIgniter\View\View->CodeIgniter\View\{closure}()
#3 C:\wamp64\www\mep\admin\system\Common.php(1217): CodeIgniter\View\View->render('usuario/index', Array, true)
#4 C:\wamp64\www\mep\admin\app\Controllers\Usuario.php(40): view('usuario/index', Array)
#5 C:\wamp64\www\mep\admin\system\CodeIgniter.php(936): App\Controllers\Usuario->index()
#6 C:\wamp64\www\mep\admin\system\CodeIgniter.php(432): CodeIgniter\CodeIgniter->runController(Object(App\Controllers\Usuario))
#7 C:\wamp64\www\mep\admin\system\CodeIgniter.php(333): CodeIgniter\CodeIgniter->handleRequest(NULL, Object(Config\Cache), false)
#8 C:\wamp64\www\mep\admin\public\index.php(44): CodeIgniter\CodeIgniter->run()
#9 C:\wamp64\www\mep\admin\system\Commands\Server\rewrite.php(45): require_once('C:\\wamp64\\www\\m...')
#10 {main}
CRITICAL - 2021-03-01 08:03:48 --> Illegal string offset 'id'
#0 C:\wamp64\www\mep\admin\app\Views\usuario\index.php(56): CodeIgniter\Debug\Exceptions->errorHandler(2, 'Illegal string ...', 'C:\\wamp64\\www\\m...', 56, Array)
#1 C:\wamp64\www\mep\admin\system\View\View.php(220): include('C:\\wamp64\\www\\m...')
#2 C:\wamp64\www\mep\admin\system\View\View.php(222): CodeIgniter\View\View->CodeIgniter\View\{closure}()
#3 C:\wamp64\www\mep\admin\system\Common.php(1217): CodeIgniter\View\View->render('usuario/index', Array, true)
#4 C:\wamp64\www\mep\admin\app\Controllers\Usuario.php(40): view('usuario/index', Array)
#5 C:\wamp64\www\mep\admin\system\CodeIgniter.php(936): App\Controllers\Usuario->index()
#6 C:\wamp64\www\mep\admin\system\CodeIgniter.php(432): CodeIgniter\CodeIgniter->runController(Object(App\Controllers\Usuario))
#7 C:\wamp64\www\mep\admin\system\CodeIgniter.php(333): CodeIgniter\CodeIgniter->handleRequest(NULL, Object(Config\Cache), false)
#8 C:\wamp64\www\mep\admin\public\index.php(44): CodeIgniter\CodeIgniter->run()
#9 C:\wamp64\www\mep\admin\system\Commands\Server\rewrite.php(45): require_once('C:\\wamp64\\www\\m...')
#10 {main}
CRITICAL - 2021-03-01 08:10:09 --> Illegal string offset 'id'
#0 C:\wamp64\www\mep\admin\app\Views\usuario\index.php(56): CodeIgniter\Debug\Exceptions->errorHandler(2, 'Illegal string ...', 'C:\\wamp64\\www\\m...', 56, Array)
#1 C:\wamp64\www\mep\admin\system\View\View.php(220): include('C:\\wamp64\\www\\m...')
#2 C:\wamp64\www\mep\admin\system\View\View.php(222): CodeIgniter\View\View->CodeIgniter\View\{closure}()
#3 C:\wamp64\www\mep\admin\system\Common.php(1217): CodeIgniter\View\View->render('usuario/index', Array, true)
#4 C:\wamp64\www\mep\admin\app\Controllers\Usuario.php(59): view('usuario/index', Array)
#5 C:\wamp64\www\mep\admin\system\CodeIgniter.php(936): App\Controllers\Usuario->search()
#6 C:\wamp64\www\mep\admin\system\CodeIgniter.php(432): CodeIgniter\CodeIgniter->runController(Object(App\Controllers\Usuario))
#7 C:\wamp64\www\mep\admin\system\CodeIgniter.php(333): CodeIgniter\CodeIgniter->handleRequest(NULL, Object(Config\Cache), false)
#8 C:\wamp64\www\mep\admin\public\index.php(44): CodeIgniter\CodeIgniter->run()
#9 C:\wamp64\www\mep\admin\system\Commands\Server\rewrite.php(45): require_once('C:\\wamp64\\www\\m...')
#10 {main}
CRITICAL - 2021-03-01 09:19:52 --> Illegal string offset 'id'
#0 C:\wamp64\www\mep\admin\app\Views\usuario\index.php(56): CodeIgniter\Debug\Exceptions->errorHandler(2, 'Illegal string ...', 'C:\\wamp64\\www\\m...', 56, Array)
#1 C:\wamp64\www\mep\admin\system\View\View.php(220): include('C:\\wamp64\\www\\m...')
#2 C:\wamp64\www\mep\admin\system\View\View.php(222): CodeIgniter\View\View->CodeIgniter\View\{closure}()
#3 C:\wamp64\www\mep\admin\system\Common.php(1217): CodeIgniter\View\View->render('usuario/index', Array, true)
#4 C:\wamp64\www\mep\admin\app\Controllers\Usuario.php(59): view('usuario/index', Array)
#5 C:\wamp64\www\mep\admin\system\CodeIgniter.php(936): App\Controllers\Usuario->search()
#6 C:\wamp64\www\mep\admin\system\CodeIgniter.php(432): CodeIgniter\CodeIgniter->runController(Object(App\Controllers\Usuario))
#7 C:\wamp64\www\mep\admin\system\CodeIgniter.php(333): CodeIgniter\CodeIgniter->handleRequest(NULL, Object(Config\Cache), false)
#8 C:\wamp64\www\mep\admin\public\index.php(44): CodeIgniter\CodeIgniter->run()
#9 C:\wamp64\www\mep\admin\system\Commands\Server\rewrite.php(45): require_once('C:\\wamp64\\www\\m...')
#10 {main}
CRITICAL - 2021-03-01 09:20:12 --> Illegal string offset 'id'
#0 C:\wamp64\www\mep\admin\app\Views\usuario\index.php(56): CodeIgniter\Debug\Exceptions->errorHandler(2, 'Illegal string ...', 'C:\\wamp64\\www\\m...', 56, Array)
#1 C:\wamp64\www\mep\admin\system\View\View.php(220): include('C:\\wamp64\\www\\m...')
#2 C:\wamp64\www\mep\admin\system\View\View.php(222): CodeIgniter\View\View->CodeIgniter\View\{closure}()
#3 C:\wamp64\www\mep\admin\system\Common.php(1217): CodeIgniter\View\View->render('usuario/index', Array, true)
#4 C:\wamp64\www\mep\admin\app\Controllers\Usuario.php(59): view('usuario/index', Array)
#5 C:\wamp64\www\mep\admin\system\CodeIgniter.php(936): App\Controllers\Usuario->search()
#6 C:\wamp64\www\mep\admin\system\CodeIgniter.php(432): CodeIgniter\CodeIgniter->runController(Object(App\Controllers\Usuario))
#7 C:\wamp64\www\mep\admin\system\CodeIgniter.php(333): CodeIgniter\CodeIgniter->handleRequest(NULL, Object(Config\Cache), false)
#8 C:\wamp64\www\mep\admin\public\index.php(44): CodeIgniter\CodeIgniter->run()
#9 C:\wamp64\www\mep\admin\system\Commands\Server\rewrite.php(45): require_once('C:\\wamp64\\www\\m...')
#10 {main}
CRITICAL - 2021-03-01 09:20:57 --> Illegal string offset 'id'
#0 C:\wamp64\www\mep\admin\app\Views\usuario\index.php(56): CodeIgniter\Debug\Exceptions->errorHandler(2, 'Illegal string ...', 'C:\\wamp64\\www\\m...', 56, Array)
#1 C:\wamp64\www\mep\admin\system\View\View.php(220): include('C:\\wamp64\\www\\m...')
#2 C:\wamp64\www\mep\admin\system\View\View.php(222): CodeIgniter\View\View->CodeIgniter\View\{closure}()
#3 C:\wamp64\www\mep\admin\system\Common.php(1217): CodeIgniter\View\View->render('usuario/index', Array, true)
#4 C:\wamp64\www\mep\admin\app\Controllers\Usuario.php(59): view('usuario/index', Array)
#5 C:\wamp64\www\mep\admin\system\CodeIgniter.php(936): App\Controllers\Usuario->search()
#6 C:\wamp64\www\mep\admin\system\CodeIgniter.php(432): CodeIgniter\CodeIgniter->runController(Object(App\Controllers\Usuario))
#7 C:\wamp64\www\mep\admin\system\CodeIgniter.php(333): CodeIgniter\CodeIgniter->handleRequest(NULL, Object(Config\Cache), false)
#8 C:\wamp64\www\mep\admin\public\index.php(44): CodeIgniter\CodeIgniter->run()
#9 C:\wamp64\www\mep\admin\system\Commands\Server\rewrite.php(45): require_once('C:\\wamp64\\www\\m...')
#10 {main}
CRITICAL - 2021-03-01 09:27:38 --> Illegal string offset 'id'
#0 C:\wamp64\www\mep\admin\app\Views\usuario\index.php(56): CodeIgniter\Debug\Exceptions->errorHandler(2, 'Illegal string ...', 'C:\\wamp64\\www\\m...', 56, Array)
#1 C:\wamp64\www\mep\admin\system\View\View.php(220): include('C:\\wamp64\\www\\m...')
#2 C:\wamp64\www\mep\admin\system\View\View.php(222): CodeIgniter\View\View->CodeIgniter\View\{closure}()
#3 C:\wamp64\www\mep\admin\system\Common.php(1217): CodeIgniter\View\View->render('usuario/index', Array, true)
#4 C:\wamp64\www\mep\admin\app\Controllers\Usuario.php(59): view('usuario/index', Array)
#5 C:\wamp64\www\mep\admin\system\CodeIgniter.php(936): App\Controllers\Usuario->search()
#6 C:\wamp64\www\mep\admin\system\CodeIgniter.php(432): CodeIgniter\CodeIgniter->runController(Object(App\Controllers\Usuario))
#7 C:\wamp64\www\mep\admin\system\CodeIgniter.php(333): CodeIgniter\CodeIgniter->handleRequest(NULL, Object(Config\Cache), false)
#8 C:\wamp64\www\mep\admin\public\index.php(44): CodeIgniter\CodeIgniter->run()
#9 C:\wamp64\www\mep\admin\system\Commands\Server\rewrite.php(45): require_once('C:\\wamp64\\www\\m...')
#10 {main}
CRITICAL - 2021-03-01 09:34:58 --> Illegal string offset 'id'
#0 C:\wamp64\www\mep\admin\app\Views\usuario\index.php(56): CodeIgniter\Debug\Exceptions->errorHandler(2, 'Illegal string ...', 'C:\\wamp64\\www\\m...', 56, Array)
#1 C:\wamp64\www\mep\admin\system\View\View.php(220): include('C:\\wamp64\\www\\m...')
#2 C:\wamp64\www\mep\admin\system\View\View.php(222): CodeIgniter\View\View->CodeIgniter\View\{closure}()
#3 C:\wamp64\www\mep\admin\system\Common.php(1217): CodeIgniter\View\View->render('usuario/index', Array, true)
#4 C:\wamp64\www\mep\admin\app\Controllers\Usuario.php(59): view('usuario/index', Array)
#5 C:\wamp64\www\mep\admin\system\CodeIgniter.php(936): App\Controllers\Usuario->search()
#6 C:\wamp64\www\mep\admin\system\CodeIgniter.php(432): CodeIgniter\CodeIgniter->runController(Object(App\Controllers\Usuario))
#7 C:\wamp64\www\mep\admin\system\CodeIgniter.php(333): CodeIgniter\CodeIgniter->handleRequest(NULL, Object(Config\Cache), false)
#8 C:\wamp64\www\mep\admin\public\index.php(44): CodeIgniter\CodeIgniter->run()
#9 C:\wamp64\www\mep\admin\system\Commands\Server\rewrite.php(45): require_once('C:\\wamp64\\www\\m...')
#10 {main}
CRITICAL - 2021-03-01 09:35:35 --> Illegal string offset 'id'
#0 C:\wamp64\www\mep\admin\app\Views\usuario\index.php(56): CodeIgniter\Debug\Exceptions->errorHandler(2, 'Illegal string ...', 'C:\\wamp64\\www\\m...', 56, Array)
#1 C:\wamp64\www\mep\admin\system\View\View.php(220): include('C:\\wamp64\\www\\m...')
#2 C:\wamp64\www\mep\admin\system\View\View.php(222): CodeIgniter\View\View->CodeIgniter\View\{closure}()
#3 C:\wamp64\www\mep\admin\system\Common.php(1217): CodeIgniter\View\View->render('usuario/index', Array, true)
#4 C:\wamp64\www\mep\admin\app\Controllers\Usuario.php(59): view('usuario/index', Array)
#5 C:\wamp64\www\mep\admin\system\CodeIgniter.php(936): App\Controllers\Usuario->search()
#6 C:\wamp64\www\mep\admin\system\CodeIgniter.php(432): CodeIgniter\CodeIgniter->runController(Object(App\Controllers\Usuario))
#7 C:\wamp64\www\mep\admin\system\CodeIgniter.php(333): CodeIgniter\CodeIgniter->handleRequest(NULL, Object(Config\Cache), false)
#8 C:\wamp64\www\mep\admin\public\index.php(44): CodeIgniter\CodeIgniter->run()
#9 C:\wamp64\www\mep\admin\system\Commands\Server\rewrite.php(45): require_once('C:\\wamp64\\www\\m...')
#10 {main}
CRITICAL - 2021-03-01 14:56:20 --> Illegal string offset 'id'
#0 C:\wamp64\www\mep\admin\app\Views\usuario\index.php(56): CodeIgniter\Debug\Exceptions->errorHandler(2, 'Illegal string ...', 'C:\\wamp64\\www\\m...', 56, Array)
#1 C:\wamp64\www\mep\admin\system\View\View.php(220): include('C:\\wamp64\\www\\m...')
#2 C:\wamp64\www\mep\admin\system\View\View.php(222): CodeIgniter\View\View->CodeIgniter\View\{closure}()
#3 C:\wamp64\www\mep\admin\system\Common.php(1217): CodeIgniter\View\View->render('usuario/index', Array, true)
#4 C:\wamp64\www\mep\admin\app\Controllers\Usuario.php(59): view('usuario/index', Array)
#5 C:\wamp64\www\mep\admin\system\CodeIgniter.php(936): App\Controllers\Usuario->search()
#6 C:\wamp64\www\mep\admin\system\CodeIgniter.php(432): CodeIgniter\CodeIgniter->runController(Object(App\Controllers\Usuario))
#7 C:\wamp64\www\mep\admin\system\CodeIgniter.php(333): CodeIgniter\CodeIgniter->handleRequest(NULL, Object(Config\Cache), false)
#8 C:\wamp64\www\mep\admin\public\index.php(44): CodeIgniter\CodeIgniter->run()
#9 C:\wamp64\www\mep\admin\system\Commands\Server\rewrite.php(45): require_once('C:\\wamp64\\www\\m...')
#10 {main}
CRITICAL - 2021-03-01 14:56:50 --> Cannot re-assign $this
#0 [internal function]: CodeIgniter\Debug\Exceptions->shutdownHandler()
#1 {main}
CRITICAL - 2021-03-01 14:57:00 --> Illegal string offset 'id'
#0 C:\wamp64\www\mep\admin\app\Views\usuario\index.php(56): CodeIgniter\Debug\Exceptions->errorHandler(2, 'Illegal string ...', 'C:\\wamp64\\www\\m...', 56, Array)
#1 C:\wamp64\www\mep\admin\system\View\View.php(220): include('C:\\wamp64\\www\\m...')
#2 C:\wamp64\www\mep\admin\system\View\View.php(222): CodeIgniter\View\View->CodeIgniter\View\{closure}()
#3 C:\wamp64\www\mep\admin\system\Common.php(1217): CodeIgniter\View\View->render('usuario/index', Array, true)
#4 C:\wamp64\www\mep\admin\app\Controllers\Usuario.php(59): view('usuario/index', Array)
#5 C:\wamp64\www\mep\admin\system\CodeIgniter.php(936): App\Controllers\Usuario->search()
#6 C:\wamp64\www\mep\admin\system\CodeIgniter.php(432): CodeIgniter\CodeIgniter->runController(Object(App\Controllers\Usuario))
#7 C:\wamp64\www\mep\admin\system\CodeIgniter.php(333): CodeIgniter\CodeIgniter->handleRequest(NULL, Object(Config\Cache), false)
#8 C:\wamp64\www\mep\admin\public\index.php(44): CodeIgniter\CodeIgniter->run()
#9 C:\wamp64\www\mep\admin\system\Commands\Server\rewrite.php(45): require_once('C:\\wamp64\\www\\m...')
#10 {main}
CRITICAL - 2021-03-01 15:16:35 --> Undefined variable: table
#0 C:\wamp64\www\mep\admin\app\Views\usuario\index.php(53): CodeIgniter\Debug\Exceptions->errorHandler(8, 'Undefined varia...', 'C:\\wamp64\\www\\m...', 53, Array)
#1 C:\wamp64\www\mep\admin\system\View\View.php(220): include('C:\\wamp64\\www\\m...')
#2 C:\wamp64\www\mep\admin\system\View\View.php(222): CodeIgniter\View\View->CodeIgniter\View\{closure}()
#3 C:\wamp64\www\mep\admin\system\Common.php(1217): CodeIgniter\View\View->render('usuario/index', Array, true)
#4 C:\wamp64\www\mep\admin\app\Controllers\Usuario.php(40): view('usuario/index', Array)
#5 C:\wamp64\www\mep\admin\system\CodeIgniter.php(936): App\Controllers\Usuario->index()
#6 C:\wamp64\www\mep\admin\system\CodeIgniter.php(432): CodeIgniter\CodeIgniter->runController(Object(App\Controllers\Usuario))
#7 C:\wamp64\www\mep\admin\system\CodeIgniter.php(333): CodeIgniter\CodeIgniter->handleRequest(NULL, Object(Config\Cache), false)
#8 C:\wamp64\www\mep\admin\public\index.php(44): CodeIgniter\CodeIgniter->run()
#9 C:\wamp64\www\mep\admin\system\Commands\Server\rewrite.php(45): require_once('C:\\wamp64\\www\\m...')
#10 {main}
CRITICAL - 2021-03-01 15:16:51 --> Undefined variable: reg
#0 C:\wamp64\www\mep\admin\app\Views\usuario\index.php(53): CodeIgniter\Debug\Exceptions->errorHandler(8, 'Undefined varia...', 'C:\\wamp64\\www\\m...', 53, Array)
#1 C:\wamp64\www\mep\admin\system\View\View.php(220): include('C:\\wamp64\\www\\m...')
#2 C:\wamp64\www\mep\admin\system\View\View.php(222): CodeIgniter\View\View->CodeIgniter\View\{closure}()
#3 C:\wamp64\www\mep\admin\system\Common.php(1217): CodeIgniter\View\View->render('usuario/index', Array, true)
#4 C:\wamp64\www\mep\admin\app\Controllers\Usuario.php(59): view('usuario/index', Array)
#5 C:\wamp64\www\mep\admin\system\CodeIgniter.php(936): App\Controllers\Usuario->search()
#6 C:\wamp64\www\mep\admin\system\CodeIgniter.php(432): CodeIgniter\CodeIgniter->runController(Object(App\Controllers\Usuario))
#7 C:\wamp64\www\mep\admin\system\CodeIgniter.php(333): CodeIgniter\CodeIgniter->handleRequest(NULL, Object(Config\Cache), false)
#8 C:\wamp64\www\mep\admin\public\index.php(44): CodeIgniter\CodeIgniter->run()
#9 C:\wamp64\www\mep\admin\system\Commands\Server\rewrite.php(45): require_once('C:\\wamp64\\www\\m...')
#10 {main}
