CRITICAL - 2021-02-22 15:03:23 --> Invalid file: header.php
#0 C:\wamp64\www\mep\admin\system\View\View.php(203): CodeIgniter\Exceptions\FrameworkException::forInvalidFile('header.php')
#1 C:\wamp64\www\mep\admin\system\Common.php(1217): CodeIgniter\View\View->render('header', Array, true)
#2 C:\wamp64\www\mep\admin\app\Controllers\Home.php(9): view('header')
#3 C:\wamp64\www\mep\admin\system\CodeIgniter.php(936): App\Controllers\Home->index()
#4 C:\wamp64\www\mep\admin\system\CodeIgniter.php(432): CodeIgniter\CodeIgniter->runController(Object(App\Controllers\Home))
#5 C:\wamp64\www\mep\admin\system\CodeIgniter.php(333): CodeIgniter\CodeIgniter->handleRequest(NULL, Object(Config\Cache), false)
#6 C:\wamp64\www\mep\admin\public\index.php(44): CodeIgniter\CodeIgniter->run()
#7 {main}
CRITICAL - 2021-02-22 15:03:24 --> Invalid file: header.php
#0 C:\wamp64\www\mep\admin\system\View\View.php(203): CodeIgniter\Exceptions\FrameworkException::forInvalidFile('header.php')
#1 C:\wamp64\www\mep\admin\system\Common.php(1217): CodeIgniter\View\View->render('header', Array, true)
#2 C:\wamp64\www\mep\admin\app\Controllers\Home.php(9): view('header')
#3 C:\wamp64\www\mep\admin\system\CodeIgniter.php(936): App\Controllers\Home->index()
#4 C:\wamp64\www\mep\admin\system\CodeIgniter.php(432): CodeIgniter\CodeIgniter->runController(Object(App\Controllers\Home))
#5 C:\wamp64\www\mep\admin\system\CodeIgniter.php(333): CodeIgniter\CodeIgniter->handleRequest(NULL, Object(Config\Cache), false)
#6 C:\wamp64\www\mep\admin\public\index.php(44): CodeIgniter\CodeIgniter->run()
#7 {main}
CRITICAL - 2021-02-22 15:03:35 --> Invalid file: header.php
#0 C:\wamp64\www\mep\admin\system\View\View.php(203): CodeIgniter\Exceptions\FrameworkException::forInvalidFile('header.php')
#1 C:\wamp64\www\mep\admin\system\Common.php(1217): CodeIgniter\View\View->render('header', Array, true)
#2 C:\wamp64\www\mep\admin\app\Controllers\Home.php(9): view('header')
#3 C:\wamp64\www\mep\admin\system\CodeIgniter.php(936): App\Controllers\Home->index()
#4 C:\wamp64\www\mep\admin\system\CodeIgniter.php(432): CodeIgniter\CodeIgniter->runController(Object(App\Controllers\Home))
#5 C:\wamp64\www\mep\admin\system\CodeIgniter.php(333): CodeIgniter\CodeIgniter->handleRequest(NULL, Object(Config\Cache), false)
#6 C:\wamp64\www\mep\admin\public\index.php(44): CodeIgniter\CodeIgniter->run()
#7 {main}
