CRITICAL - 2021-05-19 11:53:57 --> Undefined index: tipoUsuario
#0 C:\wamp64\www\base\app\Controllers\Home.php(68): CodeIgniter\Debug\Exceptions->errorHandler(8, 'Undefined index...', 'C:\\wamp64\\www\\b...', 68, Array)
#1 C:\wamp64\www\base\system\CodeIgniter.php(936): App\Controllers\Home->validation()
#2 C:\wamp64\www\base\system\CodeIgniter.php(432): CodeIgniter\CodeIgniter->runController(Object(App\Controllers\Home))
#3 C:\wamp64\www\base\system\CodeIgniter.php(333): CodeIgniter\CodeIgniter->handleRequest(NULL, Object(Config\Cache), false)
#4 C:\wamp64\www\base\public\index.php(44): CodeIgniter\CodeIgniter->run()
#5 C:\wamp64\www\base\system\Commands\Server\rewrite.php(45): require_once('C:\\wamp64\\www\\b...')
#6 {main}
CRITICAL - 2021-05-19 11:55:54 --> Undefined index: tipoUsuario
#0 C:\wamp64\www\base\app\Views\usuario\edit.php(46): CodeIgniter\Debug\Exceptions->errorHandler(8, 'Undefined index...', 'C:\\wamp64\\www\\b...', 46, Array)
#1 C:\wamp64\www\base\system\View\View.php(220): include('C:\\wamp64\\www\\b...')
#2 C:\wamp64\www\base\system\View\View.php(222): CodeIgniter\View\View->CodeIgniter\View\{closure}()
#3 C:\wamp64\www\base\system\Common.php(1217): CodeIgniter\View\View->render('usuario/edit', Array, true)
#4 C:\wamp64\www\base\app\Controllers\Usuario.php(60): view('usuario/edit', Array)
#5 C:\wamp64\www\base\system\CodeIgniter.php(936): App\Controllers\Usuario->edit('1')
#6 C:\wamp64\www\base\system\CodeIgniter.php(432): CodeIgniter\CodeIgniter->runController(Object(App\Controllers\Usuario))
#7 C:\wamp64\www\base\system\CodeIgniter.php(333): CodeIgniter\CodeIgniter->handleRequest(NULL, Object(Config\Cache), false)
#8 C:\wamp64\www\base\public\index.php(44): CodeIgniter\CodeIgniter->run()
#9 C:\wamp64\www\base\system\Commands\Server\rewrite.php(45): require_once('C:\\wamp64\\www\\b...')
#10 {main}
