CRITICAL - 2021-03-19 09:13:30 --> Cannot use object of type mysqli as array
#0 C:\wamp64\www\mep\admin\system\View\View.php(220): include()
#1 C:\wamp64\www\mep\admin\system\View\View.php(222): CodeIgniter\View\View->CodeIgniter\View\{closure}()
#2 C:\wamp64\www\mep\admin\system\Common.php(1217): CodeIgniter\View\View->render('usuario/index', Array, true)
#3 C:\wamp64\www\mep\admin\app\Controllers\Usuario.php(40): view('usuario/index', Array)
#4 C:\wamp64\www\mep\admin\system\CodeIgniter.php(936): App\Controllers\Usuario->index()
#5 C:\wamp64\www\mep\admin\system\CodeIgniter.php(432): CodeIgniter\CodeIgniter->runController(Object(App\Controllers\Usuario))
#6 C:\wamp64\www\mep\admin\system\CodeIgniter.php(333): CodeIgniter\CodeIgniter->handleRequest(NULL, Object(Config\Cache), false)
#7 C:\wamp64\www\mep\admin\public\index.php(44): CodeIgniter\CodeIgniter->run()
#8 C:\wamp64\www\mep\admin\system\Commands\Server\rewrite.php(45): require_once('C:\\wamp64\\www\\m...')
#9 {main}
CRITICAL - 2021-03-19 09:19:24 --> Undefined variable: buscar
#0 C:\wamp64\www\mep\admin\app\Models\UsuarioModel.php(35): CodeIgniter\Debug\Exceptions->errorHandler(8, 'Undefined varia...', 'C:\\wamp64\\www\\m...', 35, Array)
#1 C:\wamp64\www\mep\admin\app\Controllers\Usuario.php(25): App\Models\UsuarioModel->pesquisar('a')
#2 C:\wamp64\www\mep\admin\system\CodeIgniter.php(936): App\Controllers\Usuario->index()
#3 C:\wamp64\www\mep\admin\system\CodeIgniter.php(432): CodeIgniter\CodeIgniter->runController(Object(App\Controllers\Usuario))
#4 C:\wamp64\www\mep\admin\system\CodeIgniter.php(333): CodeIgniter\CodeIgniter->handleRequest(NULL, Object(Config\Cache), false)
#5 C:\wamp64\www\mep\admin\public\index.php(44): CodeIgniter\CodeIgniter->run()
#6 C:\wamp64\www\mep\admin\system\Commands\Server\rewrite.php(45): require_once('C:\\wamp64\\www\\m...')
#7 {main}
CRITICAL - 2021-03-19 09:29:16 --> Illegal string offset 'id'
#0 C:\wamp64\www\mep\admin\app\Views\usuario\index.php(55): CodeIgniter\Debug\Exceptions->errorHandler(2, 'Illegal string ...', 'C:\\wamp64\\www\\m...', 55, Array)
#1 C:\wamp64\www\mep\admin\system\View\View.php(220): include('C:\\wamp64\\www\\m...')
#2 C:\wamp64\www\mep\admin\system\View\View.php(222): CodeIgniter\View\View->CodeIgniter\View\{closure}()
#3 C:\wamp64\www\mep\admin\system\Common.php(1217): CodeIgniter\View\View->render('usuario/index', Array, true)
#4 C:\wamp64\www\mep\admin\app\Controllers\Usuario.php(40): view('usuario/index', Array)
#5 C:\wamp64\www\mep\admin\system\CodeIgniter.php(936): App\Controllers\Usuario->index()
#6 C:\wamp64\www\mep\admin\system\CodeIgniter.php(432): CodeIgniter\CodeIgniter->runController(Object(App\Controllers\Usuario))
#7 C:\wamp64\www\mep\admin\system\CodeIgniter.php(333): CodeIgniter\CodeIgniter->handleRequest(NULL, Object(Config\Cache), false)
#8 C:\wamp64\www\mep\admin\public\index.php(44): CodeIgniter\CodeIgniter->run()
#9 C:\wamp64\www\mep\admin\system\Commands\Server\rewrite.php(45): require_once('C:\\wamp64\\www\\m...')
#10 {main}
CRITICAL - 2021-03-19 09:29:38 --> Illegal string offset 'id'
#0 C:\wamp64\www\mep\admin\app\Views\usuario\index.php(55): CodeIgniter\Debug\Exceptions->errorHandler(2, 'Illegal string ...', 'C:\\wamp64\\www\\m...', 55, Array)
#1 C:\wamp64\www\mep\admin\system\View\View.php(220): include('C:\\wamp64\\www\\m...')
#2 C:\wamp64\www\mep\admin\system\View\View.php(222): CodeIgniter\View\View->CodeIgniter\View\{closure}()
#3 C:\wamp64\www\mep\admin\system\Common.php(1217): CodeIgniter\View\View->render('usuario/index', Array, true)
#4 C:\wamp64\www\mep\admin\app\Controllers\Usuario.php(40): view('usuario/index', Array)
#5 C:\wamp64\www\mep\admin\system\CodeIgniter.php(936): App\Controllers\Usuario->index()
#6 C:\wamp64\www\mep\admin\system\CodeIgniter.php(432): CodeIgniter\CodeIgniter->runController(Object(App\Controllers\Usuario))
#7 C:\wamp64\www\mep\admin\system\CodeIgniter.php(333): CodeIgniter\CodeIgniter->handleRequest(NULL, Object(Config\Cache), false)
#8 C:\wamp64\www\mep\admin\public\index.php(44): CodeIgniter\CodeIgniter->run()
#9 C:\wamp64\www\mep\admin\system\Commands\Server\rewrite.php(45): require_once('C:\\wamp64\\www\\m...')
#10 {main}
CRITICAL - 2021-03-19 09:31:15 --> Illegal string offset 'id'
#0 C:\wamp64\www\mep\admin\app\Views\usuario\index.php(55): CodeIgniter\Debug\Exceptions->errorHandler(2, 'Illegal string ...', 'C:\\wamp64\\www\\m...', 55, Array)
#1 C:\wamp64\www\mep\admin\system\View\View.php(220): include('C:\\wamp64\\www\\m...')
#2 C:\wamp64\www\mep\admin\system\View\View.php(222): CodeIgniter\View\View->CodeIgniter\View\{closure}()
#3 C:\wamp64\www\mep\admin\system\Common.php(1217): CodeIgniter\View\View->render('usuario/index', Array, true)
#4 C:\wamp64\www\mep\admin\app\Controllers\Usuario.php(40): view('usuario/index', Array)
#5 C:\wamp64\www\mep\admin\system\CodeIgniter.php(936): App\Controllers\Usuario->index()
#6 C:\wamp64\www\mep\admin\system\CodeIgniter.php(432): CodeIgniter\CodeIgniter->runController(Object(App\Controllers\Usuario))
#7 C:\wamp64\www\mep\admin\system\CodeIgniter.php(333): CodeIgniter\CodeIgniter->handleRequest(NULL, Object(Config\Cache), false)
#8 C:\wamp64\www\mep\admin\public\index.php(44): CodeIgniter\CodeIgniter->run()
#9 C:\wamp64\www\mep\admin\system\Commands\Server\rewrite.php(45): require_once('C:\\wamp64\\www\\m...')
#10 {main}
CRITICAL - 2021-03-19 09:32:08 --> Invalid argument supplied for foreach()
#0 C:\wamp64\www\mep\admin\app\Views\usuario\index.php(53): CodeIgniter\Debug\Exceptions->errorHandler(2, 'Invalid argumen...', 'C:\\wamp64\\www\\m...', 53, Array)
#1 C:\wamp64\www\mep\admin\system\View\View.php(220): include('C:\\wamp64\\www\\m...')
#2 C:\wamp64\www\mep\admin\system\View\View.php(222): CodeIgniter\View\View->CodeIgniter\View\{closure}()
#3 C:\wamp64\www\mep\admin\system\Common.php(1217): CodeIgniter\View\View->render('usuario/index', Array, true)
#4 C:\wamp64\www\mep\admin\app\Controllers\Usuario.php(40): view('usuario/index', Array)
#5 C:\wamp64\www\mep\admin\system\CodeIgniter.php(936): App\Controllers\Usuario->index()
#6 C:\wamp64\www\mep\admin\system\CodeIgniter.php(432): CodeIgniter\CodeIgniter->runController(Object(App\Controllers\Usuario))
#7 C:\wamp64\www\mep\admin\system\CodeIgniter.php(333): CodeIgniter\CodeIgniter->handleRequest(NULL, Object(Config\Cache), false)
#8 C:\wamp64\www\mep\admin\public\index.php(44): CodeIgniter\CodeIgniter->run()
#9 C:\wamp64\www\mep\admin\system\Commands\Server\rewrite.php(45): require_once('C:\\wamp64\\www\\m...')
#10 {main}
CRITICAL - 2021-03-19 09:33:40 --> Invalid argument supplied for foreach()
#0 C:\wamp64\www\mep\admin\app\Views\usuario\index.php(53): CodeIgniter\Debug\Exceptions->errorHandler(2, 'Invalid argumen...', 'C:\\wamp64\\www\\m...', 53, Array)
#1 C:\wamp64\www\mep\admin\system\View\View.php(220): include('C:\\wamp64\\www\\m...')
#2 C:\wamp64\www\mep\admin\system\View\View.php(222): CodeIgniter\View\View->CodeIgniter\View\{closure}()
#3 C:\wamp64\www\mep\admin\system\Common.php(1217): CodeIgniter\View\View->render('usuario/index', Array, true)
#4 C:\wamp64\www\mep\admin\app\Controllers\Usuario.php(40): view('usuario/index', Array)
#5 C:\wamp64\www\mep\admin\system\CodeIgniter.php(936): App\Controllers\Usuario->index()
#6 C:\wamp64\www\mep\admin\system\CodeIgniter.php(432): CodeIgniter\CodeIgniter->runController(Object(App\Controllers\Usuario))
#7 C:\wamp64\www\mep\admin\system\CodeIgniter.php(333): CodeIgniter\CodeIgniter->handleRequest(NULL, Object(Config\Cache), false)
#8 C:\wamp64\www\mep\admin\public\index.php(44): CodeIgniter\CodeIgniter->run()
#9 C:\wamp64\www\mep\admin\system\Commands\Server\rewrite.php(45): require_once('C:\\wamp64\\www\\m...')
#10 {main}
CRITICAL - 2021-03-19 09:34:54 --> Illegal string offset 'id'
#0 C:\wamp64\www\mep\admin\app\Views\usuario\index.php(55): CodeIgniter\Debug\Exceptions->errorHandler(2, 'Illegal string ...', 'C:\\wamp64\\www\\m...', 55, Array)
#1 C:\wamp64\www\mep\admin\system\View\View.php(220): include('C:\\wamp64\\www\\m...')
#2 C:\wamp64\www\mep\admin\system\View\View.php(222): CodeIgniter\View\View->CodeIgniter\View\{closure}()
#3 C:\wamp64\www\mep\admin\system\Common.php(1217): CodeIgniter\View\View->render('usuario/index', Array, true)
#4 C:\wamp64\www\mep\admin\app\Controllers\Usuario.php(40): view('usuario/index', Array)
#5 C:\wamp64\www\mep\admin\system\CodeIgniter.php(936): App\Controllers\Usuario->index()
#6 C:\wamp64\www\mep\admin\system\CodeIgniter.php(432): CodeIgniter\CodeIgniter->runController(Object(App\Controllers\Usuario))
#7 C:\wamp64\www\mep\admin\system\CodeIgniter.php(333): CodeIgniter\CodeIgniter->handleRequest(NULL, Object(Config\Cache), false)
#8 C:\wamp64\www\mep\admin\public\index.php(44): CodeIgniter\CodeIgniter->run()
#9 C:\wamp64\www\mep\admin\system\Commands\Server\rewrite.php(45): require_once('C:\\wamp64\\www\\m...')
#10 {main}
CRITICAL - 2021-03-19 09:35:59 --> Illegal string offset 'id'
#0 C:\wamp64\www\mep\admin\app\Views\usuario\index.php(55): CodeIgniter\Debug\Exceptions->errorHandler(2, 'Illegal string ...', 'C:\\wamp64\\www\\m...', 55, Array)
#1 C:\wamp64\www\mep\admin\system\View\View.php(220): include('C:\\wamp64\\www\\m...')
#2 C:\wamp64\www\mep\admin\system\View\View.php(222): CodeIgniter\View\View->CodeIgniter\View\{closure}()
#3 C:\wamp64\www\mep\admin\system\Common.php(1217): CodeIgniter\View\View->render('usuario/index', Array, true)
#4 C:\wamp64\www\mep\admin\app\Controllers\Usuario.php(40): view('usuario/index', Array)
#5 C:\wamp64\www\mep\admin\system\CodeIgniter.php(936): App\Controllers\Usuario->index()
#6 C:\wamp64\www\mep\admin\system\CodeIgniter.php(432): CodeIgniter\CodeIgniter->runController(Object(App\Controllers\Usuario))
#7 C:\wamp64\www\mep\admin\system\CodeIgniter.php(333): CodeIgniter\CodeIgniter->handleRequest(NULL, Object(Config\Cache), false)
#8 C:\wamp64\www\mep\admin\public\index.php(44): CodeIgniter\CodeIgniter->run()
#9 C:\wamp64\www\mep\admin\system\Commands\Server\rewrite.php(45): require_once('C:\\wamp64\\www\\m...')
#10 {main}
CRITICAL - 2021-03-19 09:36:04 --> Illegal string offset 'id'
#0 C:\wamp64\www\mep\admin\app\Views\usuario\index.php(55): CodeIgniter\Debug\Exceptions->errorHandler(2, 'Illegal string ...', 'C:\\wamp64\\www\\m...', 55, Array)
#1 C:\wamp64\www\mep\admin\system\View\View.php(220): include('C:\\wamp64\\www\\m...')
#2 C:\wamp64\www\mep\admin\system\View\View.php(222): CodeIgniter\View\View->CodeIgniter\View\{closure}()
#3 C:\wamp64\www\mep\admin\system\Common.php(1217): CodeIgniter\View\View->render('usuario/index', Array, true)
#4 C:\wamp64\www\mep\admin\app\Controllers\Usuario.php(40): view('usuario/index', Array)
#5 C:\wamp64\www\mep\admin\system\CodeIgniter.php(936): App\Controllers\Usuario->index()
#6 C:\wamp64\www\mep\admin\system\CodeIgniter.php(432): CodeIgniter\CodeIgniter->runController(Object(App\Controllers\Usuario))
#7 C:\wamp64\www\mep\admin\system\CodeIgniter.php(333): CodeIgniter\CodeIgniter->handleRequest(NULL, Object(Config\Cache), false)
#8 C:\wamp64\www\mep\admin\public\index.php(44): CodeIgniter\CodeIgniter->run()
#9 C:\wamp64\www\mep\admin\system\Commands\Server\rewrite.php(45): require_once('C:\\wamp64\\www\\m...')
#10 {main}
CRITICAL - 2021-03-19 09:36:46 --> Illegal string offset 'id'
#0 C:\wamp64\www\mep\admin\app\Views\usuario\index.php(55): CodeIgniter\Debug\Exceptions->errorHandler(2, 'Illegal string ...', 'C:\\wamp64\\www\\m...', 55, Array)
#1 C:\wamp64\www\mep\admin\system\View\View.php(220): include('C:\\wamp64\\www\\m...')
#2 C:\wamp64\www\mep\admin\system\View\View.php(222): CodeIgniter\View\View->CodeIgniter\View\{closure}()
#3 C:\wamp64\www\mep\admin\system\Common.php(1217): CodeIgniter\View\View->render('usuario/index', Array, true)
#4 C:\wamp64\www\mep\admin\app\Controllers\Usuario.php(40): view('usuario/index', Array)
#5 C:\wamp64\www\mep\admin\system\CodeIgniter.php(936): App\Controllers\Usuario->index()
#6 C:\wamp64\www\mep\admin\system\CodeIgniter.php(432): CodeIgniter\CodeIgniter->runController(Object(App\Controllers\Usuario))
#7 C:\wamp64\www\mep\admin\system\CodeIgniter.php(333): CodeIgniter\CodeIgniter->handleRequest(NULL, Object(Config\Cache), false)
#8 C:\wamp64\www\mep\admin\public\index.php(44): CodeIgniter\CodeIgniter->run()
#9 C:\wamp64\www\mep\admin\system\Commands\Server\rewrite.php(45): require_once('C:\\wamp64\\www\\m...')
#10 {main}
ERROR - 2021-03-19 09:38:56 --> mysqli_sql_exception: You have an error in your SQL syntax; check the manual that corresponds to your MariaDB server version for the right syntax to use near 'id = 1' at line 1 in C:\wamp64\www\mep\admin\system\Database\MySQLi\Connection.php:314
Stack trace:
#0 C:\wamp64\www\mep\admin\system\Database\MySQLi\Connection.php(314): mysqli->query('id = 1')
#1 C:\wamp64\www\mep\admin\system\Database\BaseConnection.php(713): CodeIgniter\Database\MySQLi\Connection->execute('id = 1')
#2 C:\wamp64\www\mep\admin\system\Database\BaseConnection.php(641): CodeIgniter\Database\BaseConnection->simpleQuery('id = 1')
#3 C:\wamp64\www\mep\admin\system\BaseModel.php(1772): CodeIgniter\Database\BaseConnection->query('id = 1')
#4 C:\wamp64\www\mep\admin\system\Model.php(832): CodeIgniter\BaseModel->__call('query', Array)
#5 C:\wamp64\www\mep\admin\app\Models\UsuarioModel.php(36): CodeIgniter\Model->__call('query', Array)
#6 C:\wamp64\www\mep\admin\app\Controllers\Usuario.php(25): App\Models\UsuarioModel->pesquisar('1')
#7 C:\wamp64\www\mep\admin\system\CodeIgniter.php(936): App\Controllers\Usuario->index()
#8 C:\wamp64\www\mep\admin\system\CodeIgniter.php(432): CodeIgniter\CodeIgniter->runController(Object(App\Controllers\Usuario))
#9 C:\wamp64\www\mep\admin\system\CodeIgniter.php(333): CodeIgniter\CodeIgniter->handleRequest(NULL, Object(Config\Cache), false)
#10 C:\wamp64\www\mep\admin\public\index.php(44): CodeIgniter\CodeIgniter->run()
#11 C:\wamp64\www\mep\admin\system\Commands\Server\rewrite.php(45): require_once('C:\\wamp64\\www\\m...')
#12 {main}
CRITICAL - 2021-03-19 09:38:56 --> You have an error in your SQL syntax; check the manual that corresponds to your MariaDB server version for the right syntax to use near 'id = 1' at line 1
#0 C:\wamp64\www\mep\admin\system\Database\MySQLi\Connection.php(314): mysqli->query('id = 1')
#1 C:\wamp64\www\mep\admin\system\Database\BaseConnection.php(713): CodeIgniter\Database\MySQLi\Connection->execute('id = 1')
#2 C:\wamp64\www\mep\admin\system\Database\BaseConnection.php(641): CodeIgniter\Database\BaseConnection->simpleQuery('id = 1')
#3 C:\wamp64\www\mep\admin\system\BaseModel.php(1772): CodeIgniter\Database\BaseConnection->query('id = 1')
#4 C:\wamp64\www\mep\admin\system\Model.php(832): CodeIgniter\BaseModel->__call('query', Array)
#5 C:\wamp64\www\mep\admin\app\Models\UsuarioModel.php(36): CodeIgniter\Model->__call('query', Array)
#6 C:\wamp64\www\mep\admin\app\Controllers\Usuario.php(25): App\Models\UsuarioModel->pesquisar('1')
#7 C:\wamp64\www\mep\admin\system\CodeIgniter.php(936): App\Controllers\Usuario->index()
#8 C:\wamp64\www\mep\admin\system\CodeIgniter.php(432): CodeIgniter\CodeIgniter->runController(Object(App\Controllers\Usuario))
#9 C:\wamp64\www\mep\admin\system\CodeIgniter.php(333): CodeIgniter\CodeIgniter->handleRequest(NULL, Object(Config\Cache), false)
#10 C:\wamp64\www\mep\admin\public\index.php(44): CodeIgniter\CodeIgniter->run()
#11 C:\wamp64\www\mep\admin\system\Commands\Server\rewrite.php(45): require_once('C:\\wamp64\\www\\m...')
#12 {main}
CRITICAL - 2021-03-19 09:45:12 --> syntax error, unexpected '=', expecting ',' or ')'
#0 C:\wamp64\www\mep\admin\system\Router\Router.php(170): CodeIgniter\Router\Router->autoRoute('Usuario')
#1 C:\wamp64\www\mep\admin\system\CodeIgniter.php(816): CodeIgniter\Router\Router->handle('Usuario')
#2 C:\wamp64\www\mep\admin\system\CodeIgniter.php(385): CodeIgniter\CodeIgniter->tryToRouteIt(Object(CodeIgniter\Router\RouteCollection))
#3 C:\wamp64\www\mep\admin\system\CodeIgniter.php(333): CodeIgniter\CodeIgniter->handleRequest(NULL, Object(Config\Cache), false)
#4 C:\wamp64\www\mep\admin\public\index.php(44): CodeIgniter\CodeIgniter->run()
#5 C:\wamp64\www\mep\admin\system\Commands\Server\rewrite.php(45): require_once('C:\\wamp64\\www\\m...')
#6 {main}
CRITICAL - 2021-03-19 09:45:15 --> syntax error, unexpected '=', expecting ',' or ')'
#0 C:\wamp64\www\mep\admin\system\Router\Router.php(170): CodeIgniter\Router\Router->autoRoute('Usuario')
#1 C:\wamp64\www\mep\admin\system\CodeIgniter.php(816): CodeIgniter\Router\Router->handle('Usuario')
#2 C:\wamp64\www\mep\admin\system\CodeIgniter.php(385): CodeIgniter\CodeIgniter->tryToRouteIt(Object(CodeIgniter\Router\RouteCollection))
#3 C:\wamp64\www\mep\admin\system\CodeIgniter.php(333): CodeIgniter\CodeIgniter->handleRequest(NULL, Object(Config\Cache), false)
#4 C:\wamp64\www\mep\admin\public\index.php(44): CodeIgniter\CodeIgniter->run()
#5 C:\wamp64\www\mep\admin\system\Commands\Server\rewrite.php(45): require_once('C:\\wamp64\\www\\m...')
#6 {main}
CRITICAL - 2021-03-19 09:45:22 --> syntax error, unexpected '=', expecting ',' or ')'
#0 C:\wamp64\www\mep\admin\system\Router\Router.php(170): CodeIgniter\Router\Router->autoRoute('Usuario')
#1 C:\wamp64\www\mep\admin\system\CodeIgniter.php(816): CodeIgniter\Router\Router->handle('Usuario')
#2 C:\wamp64\www\mep\admin\system\CodeIgniter.php(385): CodeIgniter\CodeIgniter->tryToRouteIt(Object(CodeIgniter\Router\RouteCollection))
#3 C:\wamp64\www\mep\admin\system\CodeIgniter.php(333): CodeIgniter\CodeIgniter->handleRequest(NULL, Object(Config\Cache), false)
#4 C:\wamp64\www\mep\admin\public\index.php(44): CodeIgniter\CodeIgniter->run()
#5 C:\wamp64\www\mep\admin\system\Commands\Server\rewrite.php(45): require_once('C:\\wamp64\\www\\m...')
#6 {main}
CRITICAL - 2021-03-19 09:49:29 --> Invalid argument supplied for foreach()
#0 C:\wamp64\www\mep\admin\app\Views\usuario\index.php(53): CodeIgniter\Debug\Exceptions->errorHandler(2, 'Invalid argumen...', 'C:\\wamp64\\www\\m...', 53, Array)
#1 C:\wamp64\www\mep\admin\system\View\View.php(220): include('C:\\wamp64\\www\\m...')
#2 C:\wamp64\www\mep\admin\system\View\View.php(222): CodeIgniter\View\View->CodeIgniter\View\{closure}()
#3 C:\wamp64\www\mep\admin\system\Common.php(1217): CodeIgniter\View\View->render('usuario/index', Array, true)
#4 C:\wamp64\www\mep\admin\app\Controllers\Usuario.php(41): view('usuario/index', Array)
#5 C:\wamp64\www\mep\admin\system\CodeIgniter.php(936): App\Controllers\Usuario->index()
#6 C:\wamp64\www\mep\admin\system\CodeIgniter.php(432): CodeIgniter\CodeIgniter->runController(Object(App\Controllers\Usuario))
#7 C:\wamp64\www\mep\admin\system\CodeIgniter.php(333): CodeIgniter\CodeIgniter->handleRequest(NULL, Object(Config\Cache), false)
#8 C:\wamp64\www\mep\admin\public\index.php(44): CodeIgniter\CodeIgniter->run()
#9 C:\wamp64\www\mep\admin\system\Commands\Server\rewrite.php(45): require_once('C:\\wamp64\\www\\m...')
#10 {main}
CRITICAL - 2021-03-19 09:49:37 --> Invalid argument supplied for foreach()
#0 C:\wamp64\www\mep\admin\app\Views\usuario\index.php(53): CodeIgniter\Debug\Exceptions->errorHandler(2, 'Invalid argumen...', 'C:\\wamp64\\www\\m...', 53, Array)
#1 C:\wamp64\www\mep\admin\system\View\View.php(220): include('C:\\wamp64\\www\\m...')
#2 C:\wamp64\www\mep\admin\system\View\View.php(222): CodeIgniter\View\View->CodeIgniter\View\{closure}()
#3 C:\wamp64\www\mep\admin\system\Common.php(1217): CodeIgniter\View\View->render('usuario/index', Array, true)
#4 C:\wamp64\www\mep\admin\app\Controllers\Usuario.php(41): view('usuario/index', Array)
#5 C:\wamp64\www\mep\admin\system\CodeIgniter.php(936): App\Controllers\Usuario->index()
#6 C:\wamp64\www\mep\admin\system\CodeIgniter.php(432): CodeIgniter\CodeIgniter->runController(Object(App\Controllers\Usuario))
#7 C:\wamp64\www\mep\admin\system\CodeIgniter.php(333): CodeIgniter\CodeIgniter->handleRequest(NULL, Object(Config\Cache), false)
#8 C:\wamp64\www\mep\admin\public\index.php(44): CodeIgniter\CodeIgniter->run()
#9 C:\wamp64\www\mep\admin\system\Commands\Server\rewrite.php(45): require_once('C:\\wamp64\\www\\m...')
#10 {main}
CRITICAL - 2021-03-19 09:56:31 --> Access level to App\Models\UsuarioModel::$table must be protected (as in class CodeIgniter\Model) or weaker
#0 [internal function]: CodeIgniter\Debug\Exceptions->shutdownHandler()
#1 {main}
CRITICAL - 2021-03-19 10:13:46 --> syntax error, unexpected ';', expecting ']'
#0 C:\wamp64\www\mep\admin\system\Router\Router.php(170): CodeIgniter\Router\Router->autoRoute('Usuario')
#1 C:\wamp64\www\mep\admin\system\CodeIgniter.php(816): CodeIgniter\Router\Router->handle('Usuario')
#2 C:\wamp64\www\mep\admin\system\CodeIgniter.php(385): CodeIgniter\CodeIgniter->tryToRouteIt(Object(CodeIgniter\Router\RouteCollection))
#3 C:\wamp64\www\mep\admin\system\CodeIgniter.php(333): CodeIgniter\CodeIgniter->handleRequest(NULL, Object(Config\Cache), false)
#4 C:\wamp64\www\mep\admin\public\index.php(44): CodeIgniter\CodeIgniter->run()
#5 C:\wamp64\www\mep\admin\system\Commands\Server\rewrite.php(45): require_once('C:\\wamp64\\www\\m...')
#6 {main}
